-- Found ament_cmake: 1.3.11 (/opt/ros/humble/share/ament_cmake/cmake)
-- Found rclcpp: 16.0.12 (/opt/ros/humble/share/rclcpp/cmake)
-- Found rosidl_generator_c: 3.1.6 (/opt/ros/humble/share/rosidl_generator_c/cmake)
-- Found rosidl_adapter: 3.1.6 (/opt/ros/humble/share/rosidl_adapter/cmake)
-- Found rosidl_generator_cpp: 3.1.6 (/opt/ros/humble/share/rosidl_generator_cpp/cmake)
-- Using all available rosidl_typesupport_c: rosidl_typesupport_fastrtps_c;rosidl_typesupport_introspection_c
-- Using all available rosidl_typesupport_cpp: rosidl_typesupport_fastrtps_cpp;rosidl_typesupport_introspection_cpp
-- Found rmw_implementation_cmake: 6.1.2 (/opt/ros/humble/share/rmw_implementation_cmake/cmake)
-- Found rmw_fastrtps_cpp: 6.2.7 (/opt/ros/humble/share/rmw_fastrtps_cpp/cmake)
-- Using RMW implementation 'rmw_fastrtps_cpp' as default
-- Found sensor_msgs: 4.8.0 (/opt/ros/humble/share/sensor_msgs/cmake)
-- Found ament_lint_auto: 0.12.12 (/opt/ros/humble/share/ament_lint_auto/cmake)
-- Added test 'cppcheck' to perform static code analysis on C / C++ code
-- Configured cppcheck include dirs: 
-- Configured cppcheck exclude dirs and/or files: 
-- Added test 'flake8' to check Python code syntax and style conventions
-- Added test 'lint_cmake' to check CMake code style
-- Added test 'pep257' to check Python code against some of the docstring style conventions in PEP 257
-- Added test 'uncrustify' to check C / C++ code style
-- Configured uncrustify additional arguments: 
-- Added test 'xmllint' to check XML markup files
-- Configuring done
-- Generating done
-- Build files have been written to: /home/rj/rover_bot/build/rover_controller
[35m[1mConsolidate compiler generated dependencies of target proximity_warning[0m
[35m[1mConsolidate compiler generated dependencies of target lidar_processor[0m
[35m[1mConsolidate compiler generated dependencies of target emergency_stop[0m
[ 33%] Built target lidar_processor
[ 66%] Built target emergency_stop
[100%] Built target proximity_warning
-- Install configuration: ""
-- Up-to-date: /home/rj/rover_bot/install/rover_controller/lib/rover_controller/lidar_processor
-- Up-to-date: /home/rj/rover_bot/install/rover_controller/lib/rover_controller/proximity_warning
-- Up-to-date: /home/rj/rover_bot/install/rover_controller/lib/rover_controller/emergency_stop
-- Up-to-date: /home/rj/rover_bot/install/rover_controller/share/rover_controller/launch
-- Installing: /home/rj/rover_bot/install/rover_controller/share/rover_controller/launch/gazebo_rviz.launch.py
-- Up-to-date: /home/rj/rover_bot/install/rover_controller/share/rover_controller/launch/launch_nodes.launch.py
-- Up-to-date: /home/rj/rover_bot/install/rover_controller/share/rover_controller/model
-- Up-to-date: /home/rj/rover_bot/install/rover_controller/share/rover_controller/model/robot.gazebo
-- Up-to-date: /home/rj/rover_bot/install/rover_controller/share/rover_controller/model/empty_world.world
-- Up-to-date: /home/rj/rover_bot/install/rover_controller/share/rover_controller/model/robot.xacro
-- Installing: /home/rj/rover_bot/install/rover_controller/share/rover_controller/rviz
-- Installing: /home/rj/rover_bot/install/rover_controller/share/rover_controller/rviz/rover_task_lidar_camera.rviz
-- Up-to-date: /home/rj/rover_bot/install/rover_controller/share/ament_index/resource_index/package_run_dependencies/rover_controller
-- Up-to-date: /home/rj/rover_bot/install/rover_controller/share/ament_index/resource_index/parent_prefix_path/rover_controller
-- Up-to-date: /home/rj/rover_bot/install/rover_controller/share/rover_controller/environment/ament_prefix_path.sh
-- Installing: /home/rj/rover_bot/install/rover_controller/share/rover_controller/environment/ament_prefix_path.dsv
-- Up-to-date: /home/rj/rover_bot/install/rover_controller/share/rover_controller/environment/path.sh
-- Installing: /home/rj/rover_bot/install/rover_controller/share/rover_controller/environment/path.dsv
-- Up-to-date: /home/rj/rover_bot/install/rover_controller/share/rover_controller/local_setup.bash
-- Up-to-date: /home/rj/rover_bot/install/rover_controller/share/rover_controller/local_setup.sh
-- Up-to-date: /home/rj/rover_bot/install/rover_controller/share/rover_controller/local_setup.zsh
-- Installing: /home/rj/rover_bot/install/rover_controller/share/rover_controller/local_setup.dsv
-- Installing: /home/rj/rover_bot/install/rover_controller/share/rover_controller/package.dsv
-- Up-to-date: /home/rj/rover_bot/install/rover_controller/share/ament_index/resource_index/packages/rover_controller
-- Up-to-date: /home/rj/rover_bot/install/rover_controller/share/rover_controller/cmake/rover_controllerConfig.cmake
-- Up-to-date: /home/rj/rover_bot/install/rover_controller/share/rover_controller/cmake/rover_controllerConfig-version.cmake
-- Up-to-date: /home/rj/rover_bot/install/rover_controller/share/rover_controller/package.xml
