[0.009s] Invoking command in '/home/rj/rover_bot/build/rover_controller': CMAKE_PREFIX_PATH=${CMAKE_PREFIX_PATH}:/home/rj/ws_rover/install/rover_controller:/home/rj/ws_rover/install/rover_bot:/home/rj/ws_rover/src/install/rover_controller:/opt/ros/humble /usr/bin/cmake --build /home/rj/rover_bot/build/rover_controller -- -j24 -l24
[0.027s] -- Found ament_cmake: 1.3.11 (/opt/ros/humble/share/ament_cmake/cmake)
[0.126s] -- Found rclcpp: 16.0.12 (/opt/ros/humble/share/rclcpp/cmake)
[0.144s] -- Found rosidl_generator_c: 3.1.6 (/opt/ros/humble/share/rosidl_generator_c/cmake)
[0.145s] -- Found rosidl_adapter: 3.1.6 (/opt/ros/humble/share/rosidl_adapter/cmake)
[0.149s] -- Found rosidl_generator_cpp: 3.1.6 (/opt/ros/humble/share/rosidl_generator_cpp/cmake)
[0.155s] -- Using all available rosidl_typesupport_c: rosidl_typesupport_fastrtps_c;rosidl_typesupport_introspection_c
[0.163s] -- Using all available rosidl_typesupport_cpp: rosidl_typesupport_fastrtps_cpp;rosidl_typesupport_introspection_cpp
[0.183s] -- Found rmw_implementation_cmake: 6.1.2 (/opt/ros/humble/share/rmw_implementation_cmake/cmake)
[0.184s] -- Found rmw_fastrtps_cpp: 6.2.7 (/opt/ros/humble/share/rmw_fastrtps_cpp/cmake)
[0.254s] -- Using RMW implementation 'rmw_fastrtps_cpp' as default
[0.285s] -- Found sensor_msgs: 4.8.0 (/opt/ros/humble/share/sensor_msgs/cmake)
[0.305s] -- Found ament_lint_auto: 0.12.12 (/opt/ros/humble/share/ament_lint_auto/cmake)
[0.351s] -- Added test 'cppcheck' to perform static code analysis on C / C++ code
[0.351s] -- Configured cppcheck include dirs: 
[0.351s] -- Configured cppcheck exclude dirs and/or files: 
[0.351s] -- Added test 'flake8' to check Python code syntax and style conventions
[0.352s] -- Added test 'lint_cmake' to check CMake code style
[0.352s] -- Added test 'pep257' to check Python code against some of the docstring style conventions in PEP 257
[0.352s] -- Added test 'uncrustify' to check C / C++ code style
[0.352s] -- Configured uncrustify additional arguments: 
[0.352s] -- Added test 'xmllint' to check XML markup files
[0.353s] -- Configuring done
[0.361s] -- Generating done
[0.365s] -- Build files have been written to: /home/rj/rover_bot/build/rover_controller
[0.384s] [35m[1mConsolidate compiler generated dependencies of target proximity_warning[0m
[0.384s] [35m[1mConsolidate compiler generated dependencies of target lidar_processor[0m
[0.386s] [35m[1mConsolidate compiler generated dependencies of target emergency_stop[0m
[0.396s] [ 33%] Built target lidar_processor
[0.398s] [ 66%] Built target emergency_stop
[0.399s] [100%] Built target proximity_warning
[0.407s] Invoked command in '/home/rj/rover_bot/build/rover_controller' returned '0': CMAKE_PREFIX_PATH=${CMAKE_PREFIX_PATH}:/home/rj/ws_rover/install/rover_controller:/home/rj/ws_rover/install/rover_bot:/home/rj/ws_rover/src/install/rover_controller:/opt/ros/humble /usr/bin/cmake --build /home/rj/rover_bot/build/rover_controller -- -j24 -l24
[0.415s] Invoking command in '/home/rj/rover_bot/build/rover_controller': CMAKE_PREFIX_PATH=${CMAKE_PREFIX_PATH}:/home/rj/ws_rover/install/rover_controller:/home/rj/ws_rover/install/rover_bot:/home/rj/ws_rover/src/install/rover_controller:/opt/ros/humble /usr/bin/cmake --install /home/rj/rover_bot/build/rover_controller
[0.420s] -- Install configuration: ""
[0.420s] -- Up-to-date: /home/rj/rover_bot/install/rover_controller/lib/rover_controller/lidar_processor
[0.420s] -- Up-to-date: /home/rj/rover_bot/install/rover_controller/lib/rover_controller/proximity_warning
[0.421s] -- Up-to-date: /home/rj/rover_bot/install/rover_controller/lib/rover_controller/emergency_stop
[0.421s] -- Up-to-date: /home/rj/rover_bot/install/rover_controller/share/rover_controller/launch
[0.421s] -- Installing: /home/rj/rover_bot/install/rover_controller/share/rover_controller/launch/gazebo_rviz.launch.py
[0.421s] -- Up-to-date: /home/rj/rover_bot/install/rover_controller/share/rover_controller/launch/launch_nodes.launch.py
[0.421s] -- Up-to-date: /home/rj/rover_bot/install/rover_controller/share/rover_controller/model
[0.421s] -- Up-to-date: /home/rj/rover_bot/install/rover_controller/share/rover_controller/model/robot.gazebo
[0.421s] -- Up-to-date: /home/rj/rover_bot/install/rover_controller/share/rover_controller/model/empty_world.world
[0.421s] -- Up-to-date: /home/rj/rover_bot/install/rover_controller/share/rover_controller/model/robot.xacro
[0.422s] -- Installing: /home/rj/rover_bot/install/rover_controller/share/rover_controller/rviz
[0.422s] -- Installing: /home/rj/rover_bot/install/rover_controller/share/rover_controller/rviz/rover_task_lidar_camera.rviz
[0.422s] -- Up-to-date: /home/rj/rover_bot/install/rover_controller/share/ament_index/resource_index/package_run_dependencies/rover_controller
[0.422s] -- Up-to-date: /home/rj/rover_bot/install/rover_controller/share/ament_index/resource_index/parent_prefix_path/rover_controller
[0.422s] -- Up-to-date: /home/rj/rover_bot/install/rover_controller/share/rover_controller/environment/ament_prefix_path.sh
[0.422s] -- Installing: /home/rj/rover_bot/install/rover_controller/share/rover_controller/environment/ament_prefix_path.dsv
[0.422s] -- Up-to-date: /home/rj/rover_bot/install/rover_controller/share/rover_controller/environment/path.sh
[0.422s] -- Installing: /home/rj/rover_bot/install/rover_controller/share/rover_controller/environment/path.dsv
[0.422s] -- Up-to-date: /home/rj/rover_bot/install/rover_controller/share/rover_controller/local_setup.bash
[0.422s] -- Up-to-date: /home/rj/rover_bot/install/rover_controller/share/rover_controller/local_setup.sh
[0.422s] -- Up-to-date: /home/rj/rover_bot/install/rover_controller/share/rover_controller/local_setup.zsh
[0.422s] -- Installing: /home/rj/rover_bot/install/rover_controller/share/rover_controller/local_setup.dsv
[0.422s] -- Installing: /home/rj/rover_bot/install/rover_controller/share/rover_controller/package.dsv
[0.422s] -- Up-to-date: /home/rj/rover_bot/install/rover_controller/share/ament_index/resource_index/packages/rover_controller
[0.422s] -- Up-to-date: /home/rj/rover_bot/install/rover_controller/share/rover_controller/cmake/rover_controllerConfig.cmake
[0.422s] -- Up-to-date: /home/rj/rover_bot/install/rover_controller/share/rover_controller/cmake/rover_controllerConfig-version.cmake
[0.422s] -- Up-to-date: /home/rj/rover_bot/install/rover_controller/share/rover_controller/package.xml
[0.423s] Invoked command in '/home/rj/rover_bot/build/rover_controller' returned '0': CMAKE_PREFIX_PATH=${CMAKE_PREFIX_PATH}:/home/rj/ws_rover/install/rover_controller:/home/rj/ws_rover/install/rover_bot:/home/rj/ws_rover/src/install/rover_controller:/opt/ros/humble /usr/bin/cmake --install /home/rj/rover_bot/build/rover_controller
