[35m[1mConsolidate compiler generated dependencies of target pub_node[0m
[35m[1mConsolidate compiler generated dependencies of target sub_node[0m
[ 50%] Built target sub_node
[100%] Built target pub_node
-- Install configuration: ""
-- Up-to-date: /home/rj/tasks_ws/install/number_square/lib/number_square/pub_node
-- Up-to-date: /home/rj/tasks_ws/install/number_square/lib/number_square/sub_node
-- Up-to-date: /home/rj/tasks_ws/install/number_square/share/number_square//launch
-- Installing: /home/rj/tasks_ws/install/number_square/share/number_square//launch/launch_nodes.py
-- Up-to-date: /home/rj/tasks_ws/install/number_square/share/ament_index/resource_index/package_run_dependencies/number_square
-- Up-to-date: /home/rj/tasks_ws/install/number_square/share/ament_index/resource_index/parent_prefix_path/number_square
-- Up-to-date: /home/rj/tasks_ws/install/number_square/share/number_square/environment/ament_prefix_path.sh
-- Up-to-date: /home/rj/tasks_ws/install/number_square/share/number_square/environment/ament_prefix_path.dsv
-- Up-to-date: /home/rj/tasks_ws/install/number_square/share/number_square/environment/path.sh
-- Up-to-date: /home/rj/tasks_ws/install/number_square/share/number_square/environment/path.dsv
-- Up-to-date: /home/rj/tasks_ws/install/number_square/share/number_square/local_setup.bash
-- Up-to-date: /home/rj/tasks_ws/install/number_square/share/number_square/local_setup.sh
-- Up-to-date: /home/rj/tasks_ws/install/number_square/share/number_square/local_setup.zsh
-- Up-to-date: /home/rj/tasks_ws/install/number_square/share/number_square/local_setup.dsv
-- Installing: /home/rj/tasks_ws/install/number_square/share/number_square/package.dsv
-- Up-to-date: /home/rj/tasks_ws/install/number_square/share/ament_index/resource_index/packages/number_square
-- Up-to-date: /home/rj/tasks_ws/install/number_square/share/number_square/cmake/number_squareConfig.cmake
-- Up-to-date: /home/rj/tasks_ws/install/number_square/share/number_square/cmake/number_squareConfig-version.cmake
-- Up-to-date: /home/rj/tasks_ws/install/number_square/share/number_square/package.xml
