[0.010s] Invoking command in '/home/rj/tasks_ws/build/number_square': CMAKE_PREFIX_PATH=${CMAKE_PREFIX_PATH}:/home/rj/ws_rover/install/rover_controller:/home/rj/ws_rover/install/rover_bot:/home/rj/ws_rover/src/install/rover_controller:/opt/ros/humble /usr/bin/cmake --build /home/rj/tasks_ws/build/number_square -- -j24 -l24
[0.071s] [35m[1mConsolidate compiler generated dependencies of target pub_node[0m
[0.071s] [35m[1mConsolidate compiler generated dependencies of target sub_node[0m
[0.099s] [ 50%] Built target sub_node
[0.099s] [100%] Built target pub_node
[0.108s] Invoked command in '/home/rj/tasks_ws/build/number_square' returned '0': CMAKE_PREFIX_PATH=${CMAKE_PREFIX_PATH}:/home/rj/ws_rover/install/rover_controller:/home/rj/ws_rover/install/rover_bot:/home/rj/ws_rover/src/install/rover_controller:/opt/ros/humble /usr/bin/cmake --build /home/rj/tasks_ws/build/number_square -- -j24 -l24
[0.114s] Invoking command in '/home/rj/tasks_ws/build/number_square': CMAKE_PREFIX_PATH=${CMAKE_PREFIX_PATH}:/home/rj/ws_rover/install/rover_controller:/home/rj/ws_rover/install/rover_bot:/home/rj/ws_rover/src/install/rover_controller:/opt/ros/humble /usr/bin/cmake --install /home/rj/tasks_ws/build/number_square
[0.120s] -- Install configuration: ""
[0.121s] -- Up-to-date: /home/rj/tasks_ws/install/number_square/lib/number_square/pub_node
[0.121s] -- Up-to-date: /home/rj/tasks_ws/install/number_square/lib/number_square/sub_node
[0.122s] -- Up-to-date: /home/rj/tasks_ws/install/number_square/share/number_square//launch
[0.122s] -- Installing: /home/rj/tasks_ws/install/number_square/share/number_square//launch/launch_nodes.py
[0.122s] -- Up-to-date: /home/rj/tasks_ws/install/number_square/share/ament_index/resource_index/package_run_dependencies/number_square
[0.122s] -- Up-to-date: /home/rj/tasks_ws/install/number_square/share/ament_index/resource_index/parent_prefix_path/number_square
[0.122s] -- Up-to-date: /home/rj/tasks_ws/install/number_square/share/number_square/environment/ament_prefix_path.sh
[0.122s] -- Up-to-date: /home/rj/tasks_ws/install/number_square/share/number_square/environment/ament_prefix_path.dsv
[0.123s] -- Up-to-date: /home/rj/tasks_ws/install/number_square/share/number_square/environment/path.sh
[0.123s] -- Up-to-date: /home/rj/tasks_ws/install/number_square/share/number_square/environment/path.dsv
[0.123s] -- Up-to-date: /home/rj/tasks_ws/install/number_square/share/number_square/local_setup.bash
[0.123s] -- Up-to-date: /home/rj/tasks_ws/install/number_square/share/number_square/local_setup.sh
[0.123s] -- Up-to-date: /home/rj/tasks_ws/install/number_square/share/number_square/local_setup.zsh
[0.123s] -- Up-to-date: /home/rj/tasks_ws/install/number_square/share/number_square/local_setup.dsv
[0.123s] -- Installing: /home/rj/tasks_ws/install/number_square/share/number_square/package.dsv
[0.123s] -- Up-to-date: /home/rj/tasks_ws/install/number_square/share/ament_index/resource_index/packages/number_square
[0.123s] -- Up-to-date: /home/rj/tasks_ws/install/number_square/share/number_square/cmake/number_squareConfig.cmake
[0.123s] -- Up-to-date: /home/rj/tasks_ws/install/number_square/share/number_square/cmake/number_squareConfig-version.cmake
[0.123s] -- Up-to-date: /home/rj/tasks_ws/install/number_square/share/number_square/package.xml
[0.124s] Invoked command in '/home/rj/tasks_ws/build/number_square' returned '0': CMAKE_PREFIX_PATH=${CMAKE_PREFIX_PATH}:/home/rj/ws_rover/install/rover_controller:/home/rj/ws_rover/install/rover_bot:/home/rj/ws_rover/src/install/rover_controller:/opt/ros/humble /usr/bin/cmake --install /home/rj/tasks_ws/build/number_square
