[35m[1mConsolidate compiler generated dependencies of target controller[0m
[ 66%] Built target lidar_processor
[ 66%] Built target cone_detector
[100%] Built target controller
-- Install configuration: ""
-- Up-to-date: /home/rj/rover_bot/install/rover_controller/lib/rover_controller/lidar_processor
-- Up-to-date: /home/rj/rover_bot/install/rover_controller/lib/rover_controller/controller
-- Up-to-date: /home/rj/rover_bot/install/rover_controller/lib/rover_controller/cone_detector
-- Up-to-date: /home/rj/rover_bot/install/rover_controller/share/rover_controller/launch
-- Installing: /home/rj/rover_bot/install/rover_controller/share/rover_controller/launch/gazebo_rviz.launch.py
-- Up-to-date: /home/rj/rover_bot/install/rover_controller/share/rover_controller/launch/launch_nodes.launch.py
-- Up-to-date: /home/rj/rover_bot/install/rover_controller/share/rover_controller/model
-- Installing: /home/rj/rover_bot/install/rover_controller/share/rover_controller/model/rover_world_with_cones.world
-- Up-to-date: /home/rj/rover_bot/install/rover_controller/share/rover_controller/model/robot.gazebo
-- Up-to-date: /home/rj/rover_bot/install/rover_controller/share/rover_controller/model/empty_world.world
-- Up-to-date: /home/rj/rover_bot/install/rover_controller/share/rover_controller/model/robot.xacro
-- Up-to-date: /home/rj/rover_bot/install/rover_controller/share/rover_controller/rviz
-- Up-to-date: /home/rj/rover_bot/install/rover_controller/share/rover_controller/rviz/rover_task_lidar_camera.rviz
-- Up-to-date: /home/rj/rover_bot/install/rover_controller/share/ament_index/resource_index/package_run_dependencies/rover_controller
-- Up-to-date: /home/rj/rover_bot/install/rover_controller/share/ament_index/resource_index/parent_prefix_path/rover_controller
-- Up-to-date: /home/rj/rover_bot/install/rover_controller/share/rover_controller/environment/ament_prefix_path.sh
-- Up-to-date: /home/rj/rover_bot/install/rover_controller/share/rover_controller/environment/ament_prefix_path.dsv
-- Up-to-date: /home/rj/rover_bot/install/rover_controller/share/rover_controller/environment/path.sh
-- Up-to-date: /home/rj/rover_bot/install/rover_controller/share/rover_controller/environment/path.dsv
-- Up-to-date: /home/rj/rover_bot/install/rover_controller/share/rover_controller/local_setup.bash
-- Up-to-date: /home/rj/rover_bot/install/rover_controller/share/rover_controller/local_setup.sh
-- Up-to-date: /home/rj/rover_bot/install/rover_controller/share/rover_controller/local_setup.zsh
-- Up-to-date: /home/rj/rover_bot/install/rover_controller/share/rover_controller/local_setup.dsv
-- Installing: /home/rj/rover_bot/install/rover_controller/share/rover_controller/package.dsv
-- Up-to-date: /home/rj/rover_bot/install/rover_controller/share/ament_index/resource_index/packages/rover_controller
-- Up-to-date: /home/rj/rover_bot/install/rover_controller/share/rover_controller/cmake/rover_controllerConfig.cmake
-- Up-to-date: /home/rj/rover_bot/install/rover_controller/share/rover_controller/cmake/rover_controllerConfig-version.cmake
-- Up-to-date: /home/rj/rover_bot/install/rover_controller/share/rover_controller/package.xml
