[0.007s] Invoking command in '/home/rj/rover_bot/build/rover_controller': CMAKE_PREFIX_PATH=${CMAKE_PREFIX_PATH}:/home/rj/ws_rover/install/rover_controller:/home/rj/ws_rover/install/rover_bot:/home/rj/ws_rover/src/install/rover_controller:/opt/ros/humble /usr/bin/cmake /home/rj/rover_bot/src/rover_controller -DCMAKE_INSTALL_PREFIX=/home/rj/rover_bot/install/rover_controller
[0.111s] -- The C compiler identification is GNU 11.4.0
[0.169s] -- The CXX compiler identification is GNU 11.4.0
[0.175s] -- Detecting C compiler ABI info
[0.247s] -- Detecting C compiler ABI info - done
[0.253s] -- Check for working C compiler: /usr/bin/cc - skipped
[0.253s] -- Detecting C compile features
[0.254s] -- Detecting C compile features - done
[0.256s] -- Detecting CXX compiler ABI info
[0.341s] -- Detecting CXX compiler ABI info - done
[0.347s] -- Check for working CXX compiler: /usr/bin/c++ - skipped
[0.347s] -- Detecting CXX compile features
[0.348s] -- Detecting CXX compile features - done
[0.349s] -- Found ament_cmake: 1.3.11 (/opt/ros/humble/share/ament_cmake/cmake)
[0.811s] -- Found Python3: /usr/bin/python3 (found version "3.10.12") found components: Interpreter 
[0.885s] -- Found rclcpp: 16.0.12 (/opt/ros/humble/share/rclcpp/cmake)
[0.911s] -- Found rosidl_generator_c: 3.1.6 (/opt/ros/humble/share/rosidl_generator_c/cmake)
[0.914s] -- Found rosidl_adapter: 3.1.6 (/opt/ros/humble/share/rosidl_adapter/cmake)
[0.919s] -- Found rosidl_generator_cpp: 3.1.6 (/opt/ros/humble/share/rosidl_generator_cpp/cmake)
[0.927s] -- Using all available rosidl_typesupport_c: rosidl_typesupport_fastrtps_c;rosidl_typesupport_introspection_c
[0.938s] -- Using all available rosidl_typesupport_cpp: rosidl_typesupport_fastrtps_cpp;rosidl_typesupport_introspection_cpp
[0.965s] -- Found rmw_implementation_cmake: 6.1.2 (/opt/ros/humble/share/rmw_implementation_cmake/cmake)
[0.967s] -- Found rmw_fastrtps_cpp: 6.2.7 (/opt/ros/humble/share/rmw_fastrtps_cpp/cmake)
[1.063s] -- Found OpenSSL: /usr/lib/x86_64-linux-gnu/libcrypto.so (found version "3.0.2")  
[1.095s] -- Found FastRTPS: /opt/ros/humble/include  
[1.124s] -- Using RMW implementation 'rmw_fastrtps_cpp' as default
[1.131s] -- Looking for pthread.h
[1.219s] -- Looking for pthread.h - found
[1.219s] -- Performing Test CMAKE_HAVE_LIBC_PTHREAD
[1.311s] -- Performing Test CMAKE_HAVE_LIBC_PTHREAD - Success
[1.312s] -- Found Threads: TRUE  
[1.346s] -- Found sensor_msgs: 4.8.0 (/opt/ros/humble/share/sensor_msgs/cmake)
[1.368s] -- Found ament_lint_auto: 0.12.12 (/opt/ros/humble/share/ament_lint_auto/cmake)
[1.421s] -- Added test 'cppcheck' to perform static code analysis on C / C++ code
[1.421s] -- Configured cppcheck include dirs: 
[1.421s] -- Configured cppcheck exclude dirs and/or files: 
[1.421s] -- Added test 'flake8' to check Python code syntax and style conventions
[1.421s] -- Added test 'lint_cmake' to check CMake code style
[1.422s] -- Added test 'pep257' to check Python code against some of the docstring style conventions in PEP 257
[1.422s] -- Added test 'uncrustify' to check C / C++ code style
[1.422s] -- Configured uncrustify additional arguments: 
[1.423s] -- Added test 'xmllint' to check XML markup files
[1.424s] -- Configuring done
[1.432s] -- Generating done
[1.436s] -- Build files have been written to: /home/rj/rover_bot/build/rover_controller
[1.444s] Invoked command in '/home/rj/rover_bot/build/rover_controller' returned '0': CMAKE_PREFIX_PATH=${CMAKE_PREFIX_PATH}:/home/rj/ws_rover/install/rover_controller:/home/rj/ws_rover/install/rover_bot:/home/rj/ws_rover/src/install/rover_controller:/opt/ros/humble /usr/bin/cmake /home/rj/rover_bot/src/rover_controller -DCMAKE_INSTALL_PREFIX=/home/rj/rover_bot/install/rover_controller
[1.444s] Invoking command in '/home/rj/rover_bot/build/rover_controller': CMAKE_PREFIX_PATH=${CMAKE_PREFIX_PATH}:/home/rj/ws_rover/install/rover_controller:/home/rj/ws_rover/install/rover_bot:/home/rj/ws_rover/src/install/rover_controller:/opt/ros/humble /usr/bin/cmake --build /home/rj/rover_bot/build/rover_controller -- -j24 -l24
[1.491s] [ 16%] [32mBuilding CXX object CMakeFiles/proximity_warning.dir/src/proximity_warning.cpp.o[0m
[1.491s] [ 33%] [32mBuilding CXX object CMakeFiles/lidar_processor.dir/src/lidar_processor.cpp.o[0m
[1.492s] [ 50%] [32mBuilding CXX object CMakeFiles/emergency_stop.dir/src/emergency_stop.cpp.o[0m
[6.723s] [ 66%] [32m[1mLinking CXX executable emergency_stop[0m
[6.730s] [ 83%] [32m[1mLinking CXX executable proximity_warning[0m
[6.768s] [100%] [32m[1mLinking CXX executable lidar_processor[0m
[6.980s] [100%] Built target proximity_warning
[6.980s] [100%] Built target emergency_stop
[7.028s] [100%] Built target lidar_processor
[7.037s] Invoked command in '/home/rj/rover_bot/build/rover_controller' returned '0': CMAKE_PREFIX_PATH=${CMAKE_PREFIX_PATH}:/home/rj/ws_rover/install/rover_controller:/home/rj/ws_rover/install/rover_bot:/home/rj/ws_rover/src/install/rover_controller:/opt/ros/humble /usr/bin/cmake --build /home/rj/rover_bot/build/rover_controller -- -j24 -l24
[7.044s] Invoking command in '/home/rj/rover_bot/build/rover_controller': CMAKE_PREFIX_PATH=${CMAKE_PREFIX_PATH}:/home/rj/ws_rover/install/rover_controller:/home/rj/ws_rover/install/rover_bot:/home/rj/ws_rover/src/install/rover_controller:/opt/ros/humble /usr/bin/cmake --install /home/rj/rover_bot/build/rover_controller
[7.049s] -- Install configuration: ""
[7.049s] -- Installing: /home/rj/rover_bot/install/rover_controller/lib/rover_controller/lidar_processor
[7.051s] -- Set runtime path of "/home/rj/rover_bot/install/rover_controller/lib/rover_controller/lidar_processor" to ""
[7.051s] -- Installing: /home/rj/rover_bot/install/rover_controller/lib/rover_controller/proximity_warning
[7.053s] -- Set runtime path of "/home/rj/rover_bot/install/rover_controller/lib/rover_controller/proximity_warning" to ""
[7.053s] -- Installing: /home/rj/rover_bot/install/rover_controller/lib/rover_controller/emergency_stop
[7.055s] -- Set runtime path of "/home/rj/rover_bot/install/rover_controller/lib/rover_controller/emergency_stop" to ""
[7.055s] -- Installing: /home/rj/rover_bot/install/rover_controller/share/rover_controller/launch
[7.055s] -- Installing: /home/rj/rover_bot/install/rover_controller/share/rover_controller/launch/gazebo_rviz.launch.py
[7.055s] -- Installing: /home/rj/rover_bot/install/rover_controller/share/rover_controller/launch/launch_nodes.launch.py
[7.055s] -- Installing: /home/rj/rover_bot/install/rover_controller/share/rover_controller/model
[7.055s] -- Installing: /home/rj/rover_bot/install/rover_controller/share/rover_controller/model/robot.gazebo
[7.055s] -- Installing: /home/rj/rover_bot/install/rover_controller/share/rover_controller/model/empty_world.world
[7.055s] -- Installing: /home/rj/rover_bot/install/rover_controller/share/rover_controller/model/robot.xacro
[7.055s] -- Installing: /home/rj/rover_bot/install/rover_controller/share/ament_index/resource_index/package_run_dependencies/rover_controller
[7.055s] -- Installing: /home/rj/rover_bot/install/rover_controller/share/ament_index/resource_index/parent_prefix_path/rover_controller
[7.055s] -- Installing: /home/rj/rover_bot/install/rover_controller/share/rover_controller/environment/ament_prefix_path.sh
[7.055s] -- Installing: /home/rj/rover_bot/install/rover_controller/share/rover_controller/environment/ament_prefix_path.dsv
[7.055s] -- Installing: /home/rj/rover_bot/install/rover_controller/share/rover_controller/environment/path.sh
[7.055s] -- Installing: /home/rj/rover_bot/install/rover_controller/share/rover_controller/environment/path.dsv
[7.055s] -- Installing: /home/rj/rover_bot/install/rover_controller/share/rover_controller/local_setup.bash
[7.055s] -- Installing: /home/rj/rover_bot/install/rover_controller/share/rover_controller/local_setup.sh
[7.055s] -- Installing: /home/rj/rover_bot/install/rover_controller/share/rover_controller/local_setup.zsh
[7.056s] -- Installing: /home/rj/rover_bot/install/rover_controller/share/rover_controller/local_setup.dsv
[7.056s] -- Installing: /home/rj/rover_bot/install/rover_controller/share/rover_controller/package.dsv
[7.056s] -- Installing: /home/rj/rover_bot/install/rover_controller/share/ament_index/resource_index/packages/rover_controller
[7.056s] -- Installing: /home/rj/rover_bot/install/rover_controller/share/rover_controller/cmake/rover_controllerConfig.cmake
[7.056s] -- Installing: /home/rj/rover_bot/install/rover_controller/share/rover_controller/cmake/rover_controllerConfig-version.cmake
[7.056s] -- Installing: /home/rj/rover_bot/install/rover_controller/share/rover_controller/package.xml
[7.057s] Invoked command in '/home/rj/rover_bot/build/rover_controller' returned '0': CMAKE_PREFIX_PATH=${CMAKE_PREFIX_PATH}:/home/rj/ws_rover/install/rover_controller:/home/rj/ws_rover/install/rover_bot:/home/rj/ws_rover/src/install/rover_controller:/opt/ros/humble /usr/bin/cmake --install /home/rj/rover_bot/build/rover_controller
