[0.010s] Invoking command in '/home/rj/tasks_ws/build/number_square': CMAKE_PREFIX_PATH=${CMAKE_PREFIX_PATH}:/home/rj/ws_rover/install/rover_controller:/home/rj/ws_rover/install/rover_bot:/home/rj/ws_rover/src/install/rover_controller:/opt/ros/humble /usr/bin/cmake --build /home/rj/tasks_ws/build/number_square -- -j24 -l24
[0.127s] [ 50%] [32mBuilding CXX object CMakeFiles/pub_node.dir/src/number_publisher.cpp.o[0m
[0.128s] [ 25%] [32mBuilding CXX object CMakeFiles/sub_node.dir/src/number_square.cpp.o[0m
[2.821s] [ 75%] [32m[1mLinking CXX executable pub_node[0m
[2.961s] [ 75%] Built target pub_node
[5.085s] [100%] [32m[1mLinking CXX executable sub_node[0m
[5.341s] [100%] Built target sub_node
[5.353s] Invoked command in '/home/rj/tasks_ws/build/number_square' returned '0': CMAKE_PREFIX_PATH=${CMAKE_PREFIX_PATH}:/home/rj/ws_rover/install/rover_controller:/home/rj/ws_rover/install/rover_bot:/home/rj/ws_rover/src/install/rover_controller:/opt/ros/humble /usr/bin/cmake --build /home/rj/tasks_ws/build/number_square -- -j24 -l24
[5.365s] Invoking command in '/home/rj/tasks_ws/build/number_square': CMAKE_PREFIX_PATH=${CMAKE_PREFIX_PATH}:/home/rj/ws_rover/install/rover_controller:/home/rj/ws_rover/install/rover_bot:/home/rj/ws_rover/src/install/rover_controller:/opt/ros/humble /usr/bin/cmake --install /home/rj/tasks_ws/build/number_square
[5.374s] -- Install configuration: ""
[5.375s] -- Installing: /home/rj/tasks_ws/install/number_square/lib/number_square/pub_node
[5.376s] -- Set runtime path of "/home/rj/tasks_ws/install/number_square/lib/number_square/pub_node" to ""
[5.377s] -- Installing: /home/rj/tasks_ws/install/number_square/lib/number_square/sub_node
[5.380s] -- Set runtime path of "/home/rj/tasks_ws/install/number_square/lib/number_square/sub_node" to ""
[5.380s] -- Up-to-date: /home/rj/tasks_ws/install/number_square/share/number_square//launch
[5.380s] -- Up-to-date: /home/rj/tasks_ws/install/number_square/share/number_square//launch/launch_nodes.py
[5.380s] -- Up-to-date: /home/rj/tasks_ws/install/number_square/share/ament_index/resource_index/package_run_dependencies/number_square
[5.380s] -- Up-to-date: /home/rj/tasks_ws/install/number_square/share/ament_index/resource_index/parent_prefix_path/number_square
[5.381s] -- Up-to-date: /home/rj/tasks_ws/install/number_square/share/number_square/environment/ament_prefix_path.sh
[5.381s] -- Up-to-date: /home/rj/tasks_ws/install/number_square/share/number_square/environment/ament_prefix_path.dsv
[5.381s] -- Up-to-date: /home/rj/tasks_ws/install/number_square/share/number_square/environment/path.sh
[5.381s] -- Up-to-date: /home/rj/tasks_ws/install/number_square/share/number_square/environment/path.dsv
[5.381s] -- Up-to-date: /home/rj/tasks_ws/install/number_square/share/number_square/local_setup.bash
[5.381s] -- Up-to-date: /home/rj/tasks_ws/install/number_square/share/number_square/local_setup.sh
[5.381s] -- Up-to-date: /home/rj/tasks_ws/install/number_square/share/number_square/local_setup.zsh
[5.381s] -- Up-to-date: /home/rj/tasks_ws/install/number_square/share/number_square/local_setup.dsv
[5.381s] -- Installing: /home/rj/tasks_ws/install/number_square/share/number_square/package.dsv
[5.381s] -- Up-to-date: /home/rj/tasks_ws/install/number_square/share/ament_index/resource_index/packages/number_square
[5.381s] -- Up-to-date: /home/rj/tasks_ws/install/number_square/share/number_square/cmake/number_squareConfig.cmake
[5.381s] -- Up-to-date: /home/rj/tasks_ws/install/number_square/share/number_square/cmake/number_squareConfig-version.cmake
[5.381s] -- Up-to-date: /home/rj/tasks_ws/install/number_square/share/number_square/package.xml
[5.382s] Invoked command in '/home/rj/tasks_ws/build/number_square' returned '0': CMAKE_PREFIX_PATH=${CMAKE_PREFIX_PATH}:/home/rj/ws_rover/install/rover_controller:/home/rj/ws_rover/install/rover_bot:/home/rj/ws_rover/src/install/rover_controller:/opt/ros/humble /usr/bin/cmake --install /home/rj/tasks_ws/build/number_square
