[0.006s] Invoking command in '/home/rj/rover_bot/build/rover_controller': CMAKE_PREFIX_PATH=${CMAKE_PREFIX_PATH}:/opt/ros/humble /usr/bin/cmake --build /home/rj/rover_bot/build/rover_controller -- -j24 -l24
[0.072s] [ 12%] [32mBuilding CXX object CMakeFiles/lidar_processor.dir/src/lidar_processor.cpp.o[0m
[0.074s] [ 25%] [32mBuilding CXX object CMakeFiles/emergency_stop.dir/src/emergency_stop.cpp.o[0m
[0.074s] [ 37%] [32mBuilding CXX object CMakeFiles/proximity_warning.dir/src/proximity_warning.cpp.o[0m
[0.076s] [ 62%] Built target orange_cone
[5.386s] [ 75%] [32m[1mLinking CXX executable lidar_processor[0m
[5.392s] [ 87%] [32m[1mLinking CXX executable proximity_warning[0m
[5.645s] [ 87%] Built target proximity_warning
[5.648s] [ 87%] Built target lidar_processor
[5.923s] [100%] [32m[1mLinking CXX executable emergency_stop[0m
[6.174s] [100%] Built target emergency_stop
[6.186s] Invoked command in '/home/rj/rover_bot/build/rover_controller' returned '0': CMAKE_PREFIX_PATH=${CMAKE_PREFIX_PATH}:/opt/ros/humble /usr/bin/cmake --build /home/rj/rover_bot/build/rover_controller -- -j24 -l24
[6.195s] Invoking command in '/home/rj/rover_bot/build/rover_controller': CMAKE_PREFIX_PATH=${CMAKE_PREFIX_PATH}:/opt/ros/humble /usr/bin/cmake --install /home/rj/rover_bot/build/rover_controller
[6.202s] -- Install configuration: ""
[6.202s] -- Installing: /home/rj/rover_bot/install/rover_controller/lib/rover_controller/lidar_processor
[6.205s] -- Set runtime path of "/home/rj/rover_bot/install/rover_controller/lib/rover_controller/lidar_processor" to ""
[6.205s] -- Installing: /home/rj/rover_bot/install/rover_controller/lib/rover_controller/proximity_warning
[6.208s] -- Set runtime path of "/home/rj/rover_bot/install/rover_controller/lib/rover_controller/proximity_warning" to ""
[6.208s] -- Installing: /home/rj/rover_bot/install/rover_controller/lib/rover_controller/emergency_stop
[6.210s] -- Set runtime path of "/home/rj/rover_bot/install/rover_controller/lib/rover_controller/emergency_stop" to ""
[6.210s] -- Up-to-date: /home/rj/rover_bot/install/rover_controller/lib/rover_controller/orange_cone
[6.210s] -- Up-to-date: /home/rj/rover_bot/install/rover_controller/share/rover_controller/launch
[6.210s] -- Installing: /home/rj/rover_bot/install/rover_controller/share/rover_controller/launch/gazebo_rviz.launch.py
[6.210s] -- Up-to-date: /home/rj/rover_bot/install/rover_controller/share/rover_controller/launch/launch_nodes.launch.py
[6.210s] -- Up-to-date: /home/rj/rover_bot/install/rover_controller/share/rover_controller/model
[6.210s] -- Up-to-date: /home/rj/rover_bot/install/rover_controller/share/rover_controller/model/robot.gazebo
[6.210s] -- Installing: /home/rj/rover_bot/install/rover_controller/share/rover_controller/model/empty_world.world
[6.210s] -- Up-to-date: /home/rj/rover_bot/install/rover_controller/share/rover_controller/model/robot.xacro
[6.211s] -- Up-to-date: /home/rj/rover_bot/install/rover_controller/share/rover_controller/rviz
[6.211s] -- Up-to-date: /home/rj/rover_bot/install/rover_controller/share/rover_controller/rviz/rover_task_lidar_camera.rviz
[6.211s] -- Up-to-date: /home/rj/rover_bot/install/rover_controller/share/ament_index/resource_index/package_run_dependencies/rover_controller
[6.211s] -- Up-to-date: /home/rj/rover_bot/install/rover_controller/share/ament_index/resource_index/parent_prefix_path/rover_controller
[6.211s] -- Up-to-date: /home/rj/rover_bot/install/rover_controller/share/rover_controller/environment/ament_prefix_path.sh
[6.211s] -- Up-to-date: /home/rj/rover_bot/install/rover_controller/share/rover_controller/environment/ament_prefix_path.dsv
[6.211s] -- Up-to-date: /home/rj/rover_bot/install/rover_controller/share/rover_controller/environment/path.sh
[6.211s] -- Up-to-date: /home/rj/rover_bot/install/rover_controller/share/rover_controller/environment/path.dsv
[6.211s] -- Up-to-date: /home/rj/rover_bot/install/rover_controller/share/rover_controller/local_setup.bash
[6.211s] -- Up-to-date: /home/rj/rover_bot/install/rover_controller/share/rover_controller/local_setup.sh
[6.211s] -- Up-to-date: /home/rj/rover_bot/install/rover_controller/share/rover_controller/local_setup.zsh
[6.211s] -- Up-to-date: /home/rj/rover_bot/install/rover_controller/share/rover_controller/local_setup.dsv
[6.211s] -- Installing: /home/rj/rover_bot/install/rover_controller/share/rover_controller/package.dsv
[6.211s] -- Up-to-date: /home/rj/rover_bot/install/rover_controller/share/ament_index/resource_index/packages/rover_controller
[6.211s] -- Up-to-date: /home/rj/rover_bot/install/rover_controller/share/rover_controller/cmake/rover_controllerConfig.cmake
[6.211s] -- Up-to-date: /home/rj/rover_bot/install/rover_controller/share/rover_controller/cmake/rover_controllerConfig-version.cmake
[6.211s] -- Up-to-date: /home/rj/rover_bot/install/rover_controller/share/rover_controller/package.xml
[6.212s] Invoked command in '/home/rj/rover_bot/build/rover_controller' returned '0': CMAKE_PREFIX_PATH=${CMAKE_PREFIX_PATH}:/opt/ros/humble /usr/bin/cmake --install /home/rj/rover_bot/build/rover_controller
