[0.065s] DEBUG:colcon:Command line arguments: ['/usr/bin/colcon', 'build']
[0.065s] DEBUG:colcon:Parsed command line arguments: Namespace(log_base=None, log_level=None, verb_name='build', build_base='build', install_base='install', merge_install=False, symlink_install=False, test_result_base=None, continue_on_error=False, executor='parallel', parallel_workers=24, event_handlers=None, ignore_user_meta=False, metas=['./colcon.meta'], base_paths=['.'], packages_ignore=None, packages_ignore_regex=None, paths=None, packages_up_to=None, packages_up_to_regex=None, packages_above=None, packages_above_and_dependencies=None, packages_above_depth=None, packages_select_by_dep=None, packages_skip_by_dep=None, packages_skip_up_to=None, packages_select_build_failed=False, packages_skip_build_finished=False, packages_select_test_failures=False, packages_skip_test_passed=False, packages_select=None, packages_skip=None, packages_select_regex=None, packages_skip_regex=None, packages_start=None, packages_end=None, allow_overriding=[], cmake_args=None, cmake_target=None, cmake_target_skip_unavailable=False, cmake_clean_cache=False, cmake_clean_first=False, cmake_force_configure=False, ament_cmake_args=None, catkin_cmake_args=None, catkin_skip_building_tests=False, verb_parser=<colcon_defaults.argument_parser.defaults.DefaultArgumentsDecorator object at 0x7820d0871b70>, verb_extension=<colcon_core.verb.build.BuildVerb object at 0x7820d0871570>, main=<bound method BuildVerb.main of <colcon_core.verb.build.BuildVerb object at 0x7820d0871570>>)
[0.099s] Level 1:colcon.colcon_core.package_discovery:discover_packages(colcon_meta) check parameters
[0.099s] Level 1:colcon.colcon_core.package_discovery:discover_packages(recursive) check parameters
[0.099s] Level 1:colcon.colcon_core.package_discovery:discover_packages(ignore) check parameters
[0.099s] Level 1:colcon.colcon_core.package_discovery:discover_packages(path) check parameters
[0.099s] Level 1:colcon.colcon_core.package_discovery:discover_packages(colcon_meta) discover
[0.099s] Level 1:colcon.colcon_core.package_discovery:discover_packages(recursive) discover
[0.099s] INFO:colcon.colcon_core.package_discovery:Crawling recursively for packages in '/home/rj/tasks_ws/src'
[0.099s] Level 1:colcon.colcon_core.package_identification:_identify(.) by extensions ['ignore', 'ignore_ament_install']
[0.099s] Level 1:colcon.colcon_core.package_identification:_identify(.) by extension 'ignore'
[0.099s] Level 1:colcon.colcon_core.package_identification:_identify(.) by extension 'ignore_ament_install'
[0.100s] Level 1:colcon.colcon_core.package_identification:_identify(.) by extensions ['colcon_pkg']
[0.100s] Level 1:colcon.colcon_core.package_identification:_identify(.) by extension 'colcon_pkg'
[0.100s] Level 1:colcon.colcon_core.package_identification:_identify(.) by extensions ['colcon_meta']
[0.100s] Level 1:colcon.colcon_core.package_identification:_identify(.) by extension 'colcon_meta'
[0.100s] Level 1:colcon.colcon_core.package_identification:_identify(.) by extensions ['ros']
[0.100s] Level 1:colcon.colcon_core.package_identification:_identify(.) by extension 'ros'
[0.102s] Level 1:colcon.colcon_core.package_identification:_identify(.) by extensions ['cmake', 'python']
[0.102s] Level 1:colcon.colcon_core.package_identification:_identify(.) by extension 'cmake'
[0.102s] Level 1:colcon.colcon_core.package_identification:_identify(.) by extension 'python'
[0.102s] Level 1:colcon.colcon_core.package_identification:_identify(.) by extensions ['python_setup_py']
[0.102s] Level 1:colcon.colcon_core.package_identification:_identify(.) by extension 'python_setup_py'
[0.102s] Level 1:colcon.colcon_core.package_identification:_identify(build) by extensions ['ignore', 'ignore_ament_install']
[0.102s] Level 1:colcon.colcon_core.package_identification:_identify(build) by extension 'ignore'
[0.102s] Level 1:colcon.colcon_core.package_identification:_identify(build) ignored
[0.102s] Level 1:colcon.colcon_core.package_identification:_identify(install) by extensions ['ignore', 'ignore_ament_install']
[0.102s] Level 1:colcon.colcon_core.package_identification:_identify(install) by extension 'ignore'
[0.102s] Level 1:colcon.colcon_core.package_identification:_identify(install) ignored
[0.102s] Level 1:colcon.colcon_core.package_identification:_identify(log) by extensions ['ignore', 'ignore_ament_install']
[0.102s] Level 1:colcon.colcon_core.package_identification:_identify(log) by extension 'ignore'
[0.102s] Level 1:colcon.colcon_core.package_identification:_identify(log) ignored
[0.102s] Level 1:colcon.colcon_core.package_identification:_identify(number_square) by extensions ['ignore', 'ignore_ament_install']
[0.102s] Level 1:colcon.colcon_core.package_identification:_identify(number_square) by extension 'ignore'
[0.102s] Level 1:colcon.colcon_core.package_identification:_identify(number_square) by extension 'ignore_ament_install'
[0.102s] Level 1:colcon.colcon_core.package_identification:_identify(number_square) by extensions ['colcon_pkg']
[0.102s] Level 1:colcon.colcon_core.package_identification:_identify(number_square) by extension 'colcon_pkg'
[0.102s] Level 1:colcon.colcon_core.package_identification:_identify(number_square) by extensions ['colcon_meta']
[0.102s] Level 1:colcon.colcon_core.package_identification:_identify(number_square) by extension 'colcon_meta'
[0.102s] Level 1:colcon.colcon_core.package_identification:_identify(number_square) by extensions ['ros']
[0.102s] Level 1:colcon.colcon_core.package_identification:_identify(number_square) by extension 'ros'
[0.104s] DEBUG:colcon.colcon_core.package_identification:Package 'number_square' with type 'ros.ament_cmake' and name 'number_square'
[0.104s] Level 1:colcon.colcon_core.package_discovery:discover_packages(recursive) using defaults
[0.104s] Level 1:colcon.colcon_core.package_discovery:discover_packages(ignore) discover
[0.104s] Level 1:colcon.colcon_core.package_discovery:discover_packages(ignore) using defaults
[0.104s] Level 1:colcon.colcon_core.package_discovery:discover_packages(path) discover
[0.104s] Level 1:colcon.colcon_core.package_discovery:discover_packages(path) using defaults
[0.118s] Level 1:colcon.colcon_core.package_discovery:discover_packages(prefix_path) check parameters
[0.118s] Level 1:colcon.colcon_core.package_discovery:discover_packages(prefix_path) discover
[0.119s] DEBUG:colcon.colcon_installed_package_information.package_discovery:Found 0 installed packages in /home/rj/tasks_ws/install
[0.119s] DEBUG:colcon.colcon_installed_package_information.package_discovery:Found 2 installed packages in /home/rj/ws_rover/install
[0.119s] DEBUG:colcon.colcon_installed_package_information.package_discovery:Found 2 installed packages in /home/rj/ws_rover/src/install
[0.120s] DEBUG:colcon.colcon_installed_package_information.package_discovery:Found 341 installed packages in /opt/ros/humble
[0.121s] Level 1:colcon.colcon_core.package_discovery:discover_packages(prefix_path) using defaults
[0.147s] Level 5:colcon.colcon_core.verb:set package 'number_square' build argument 'cmake_args' from command line to 'None'
[0.147s] Level 5:colcon.colcon_core.verb:set package 'number_square' build argument 'cmake_target' from command line to 'None'
[0.147s] Level 5:colcon.colcon_core.verb:set package 'number_square' build argument 'cmake_target_skip_unavailable' from command line to 'False'
[0.147s] Level 5:colcon.colcon_core.verb:set package 'number_square' build argument 'cmake_clean_cache' from command line to 'False'
[0.147s] Level 5:colcon.colcon_core.verb:set package 'number_square' build argument 'cmake_clean_first' from command line to 'False'
[0.147s] Level 5:colcon.colcon_core.verb:set package 'number_square' build argument 'cmake_force_configure' from command line to 'False'
[0.147s] Level 5:colcon.colcon_core.verb:set package 'number_square' build argument 'ament_cmake_args' from command line to 'None'
[0.147s] Level 5:colcon.colcon_core.verb:set package 'number_square' build argument 'catkin_cmake_args' from command line to 'None'
[0.147s] Level 5:colcon.colcon_core.verb:set package 'number_square' build argument 'catkin_skip_building_tests' from command line to 'False'
[0.147s] DEBUG:colcon.colcon_core.verb:Building package 'number_square' with the following arguments: {'ament_cmake_args': None, 'build_base': '/home/rj/tasks_ws/src/build/number_square', 'catkin_cmake_args': None, 'catkin_skip_building_tests': False, 'cmake_args': None, 'cmake_clean_cache': False, 'cmake_clean_first': False, 'cmake_force_configure': False, 'cmake_target': None, 'cmake_target_skip_unavailable': False, 'install_base': '/home/rj/tasks_ws/src/install/number_square', 'merge_install': False, 'path': '/home/rj/tasks_ws/src/number_square', 'symlink_install': False, 'test_result_base': None}
[0.148s] INFO:colcon.colcon_core.executor:Executing jobs using 'parallel' executor
[0.148s] DEBUG:colcon.colcon_parallel_executor.executor.parallel:run_until_complete
[0.148s] INFO:colcon.colcon_ros.task.ament_cmake.build:Building ROS package in '/home/rj/tasks_ws/src/number_square' with build type 'ament_cmake'
[0.148s] INFO:colcon.colcon_cmake.task.cmake.build:Building CMake package in '/home/rj/tasks_ws/src/number_square'
[0.150s] INFO:colcon.colcon_core.plugin_system:Skipping extension 'colcon_core.shell.bat': Not used on non-Windows systems
[0.150s] INFO:colcon.colcon_core.shell:Skip shell extension 'powershell' for command environment: Not usable outside of PowerShell
[0.150s] DEBUG:colcon.colcon_core.shell:Skip shell extension 'dsv' for command environment
[0.156s] DEBUG:colcon.colcon_core.event_handler.log_command:Invoking command in '/home/rj/tasks_ws/src/build/number_square': CMAKE_PREFIX_PATH=${CMAKE_PREFIX_PATH}:/home/rj/ws_rover/install/rover_controller:/home/rj/ws_rover/install/rover_bot:/home/rj/ws_rover/src/install/rover_controller:/opt/ros/humble /usr/bin/cmake /home/rj/tasks_ws/src/number_square -DCMAKE_INSTALL_PREFIX=/home/rj/tasks_ws/src/install/number_square
[1.440s] DEBUG:colcon.colcon_core.event_handler.log_command:Invoked command in '/home/rj/tasks_ws/src/build/number_square' returned '0': CMAKE_PREFIX_PATH=${CMAKE_PREFIX_PATH}:/home/rj/ws_rover/install/rover_controller:/home/rj/ws_rover/install/rover_bot:/home/rj/ws_rover/src/install/rover_controller:/opt/ros/humble /usr/bin/cmake /home/rj/tasks_ws/src/number_square -DCMAKE_INSTALL_PREFIX=/home/rj/tasks_ws/src/install/number_square
[1.442s] DEBUG:colcon.colcon_core.event_handler.log_command:Invoking command in '/home/rj/tasks_ws/src/build/number_square': CMAKE_PREFIX_PATH=${CMAKE_PREFIX_PATH}:/home/rj/ws_rover/install/rover_controller:/home/rj/ws_rover/install/rover_bot:/home/rj/ws_rover/src/install/rover_controller:/opt/ros/humble /usr/bin/cmake --build /home/rj/tasks_ws/src/build/number_square -- -j24 -l24
[6.542s] DEBUG:colcon.colcon_core.event_handler.log_command:Invoked command in '/home/rj/tasks_ws/src/build/number_square' returned '0': CMAKE_PREFIX_PATH=${CMAKE_PREFIX_PATH}:/home/rj/ws_rover/install/rover_controller:/home/rj/ws_rover/install/rover_bot:/home/rj/ws_rover/src/install/rover_controller:/opt/ros/humble /usr/bin/cmake --build /home/rj/tasks_ws/src/build/number_square -- -j24 -l24
[6.553s] DEBUG:colcon.colcon_core.event_handler.log_command:Invoking command in '/home/rj/tasks_ws/src/build/number_square': CMAKE_PREFIX_PATH=${CMAKE_PREFIX_PATH}:/home/rj/ws_rover/install/rover_controller:/home/rj/ws_rover/install/rover_bot:/home/rj/ws_rover/src/install/rover_controller:/opt/ros/humble /usr/bin/cmake --install /home/rj/tasks_ws/src/build/number_square
[6.569s] Level 1:colcon.colcon_core.environment:create_environment_scripts_only(number_square)
[6.570s] DEBUG:colcon.colcon_core.event_handler.log_command:Invoked command in '/home/rj/tasks_ws/src/build/number_square' returned '0': CMAKE_PREFIX_PATH=${CMAKE_PREFIX_PATH}:/home/rj/ws_rover/install/rover_controller:/home/rj/ws_rover/install/rover_bot:/home/rj/ws_rover/src/install/rover_controller:/opt/ros/humble /usr/bin/cmake --install /home/rj/tasks_ws/src/build/number_square
[6.572s] Level 1:colcon.colcon_core.environment:checking '/home/rj/tasks_ws/src/install/number_square' for CMake module files
[6.573s] Level 1:colcon.colcon_core.environment:checking '/home/rj/tasks_ws/src/install/number_square' for CMake config files
[6.573s] Level 1:colcon.colcon_core.shell:create_environment_hook('number_square', 'cmake_prefix_path')
[6.574s] INFO:colcon.colcon_core.shell:Creating environment hook '/home/rj/tasks_ws/src/install/number_square/share/number_square/hook/cmake_prefix_path.ps1'
[6.574s] INFO:colcon.colcon_core.shell:Creating environment descriptor '/home/rj/tasks_ws/src/install/number_square/share/number_square/hook/cmake_prefix_path.dsv'
[6.575s] INFO:colcon.colcon_core.shell:Creating environment hook '/home/rj/tasks_ws/src/install/number_square/share/number_square/hook/cmake_prefix_path.sh'
[6.576s] Level 1:colcon.colcon_core.environment:checking '/home/rj/tasks_ws/src/install/number_square/lib'
[6.576s] Level 1:colcon.colcon_core.environment:checking '/home/rj/tasks_ws/src/install/number_square/bin'
[6.576s] Level 1:colcon.colcon_core.environment:checking '/home/rj/tasks_ws/src/install/number_square/lib/pkgconfig/number_square.pc'
[6.576s] Level 1:colcon.colcon_core.environment:checking '/home/rj/tasks_ws/src/install/number_square/lib/python3.10/site-packages'
[6.577s] Level 1:colcon.colcon_core.environment:checking '/home/rj/tasks_ws/src/install/number_square/bin'
[6.577s] INFO:colcon.colcon_core.shell:Creating package script '/home/rj/tasks_ws/src/install/number_square/share/number_square/package.ps1'
[6.578s] INFO:colcon.colcon_core.shell:Creating package descriptor '/home/rj/tasks_ws/src/install/number_square/share/number_square/package.dsv'
[6.579s] INFO:colcon.colcon_core.shell:Creating package script '/home/rj/tasks_ws/src/install/number_square/share/number_square/package.sh'
[6.579s] INFO:colcon.colcon_core.shell:Creating package script '/home/rj/tasks_ws/src/install/number_square/share/number_square/package.bash'
[6.580s] INFO:colcon.colcon_core.shell:Creating package script '/home/rj/tasks_ws/src/install/number_square/share/number_square/package.zsh'
[6.581s] Level 1:colcon.colcon_core.environment:create_file_with_runtime_dependencies(/home/rj/tasks_ws/src/install/number_square/share/colcon-core/packages/number_square)
[6.581s] Level 1:colcon.colcon_core.environment:create_environment_scripts_only(number_square)
[6.582s] Level 1:colcon.colcon_core.environment:checking '/home/rj/tasks_ws/src/install/number_square' for CMake module files
[6.582s] Level 1:colcon.colcon_core.environment:checking '/home/rj/tasks_ws/src/install/number_square' for CMake config files
[6.582s] Level 1:colcon.colcon_core.shell:create_environment_hook('number_square', 'cmake_prefix_path')
[6.582s] INFO:colcon.colcon_core.shell:Creating environment hook '/home/rj/tasks_ws/src/install/number_square/share/number_square/hook/cmake_prefix_path.ps1'
[6.583s] INFO:colcon.colcon_core.shell:Creating environment descriptor '/home/rj/tasks_ws/src/install/number_square/share/number_square/hook/cmake_prefix_path.dsv'
[6.583s] INFO:colcon.colcon_core.shell:Creating environment hook '/home/rj/tasks_ws/src/install/number_square/share/number_square/hook/cmake_prefix_path.sh'
[6.583s] Level 1:colcon.colcon_core.environment:checking '/home/rj/tasks_ws/src/install/number_square/lib'
[6.583s] Level 1:colcon.colcon_core.environment:checking '/home/rj/tasks_ws/src/install/number_square/bin'
[6.583s] Level 1:colcon.colcon_core.environment:checking '/home/rj/tasks_ws/src/install/number_square/lib/pkgconfig/number_square.pc'
[6.584s] Level 1:colcon.colcon_core.environment:checking '/home/rj/tasks_ws/src/install/number_square/lib/python3.10/site-packages'
[6.584s] Level 1:colcon.colcon_core.environment:checking '/home/rj/tasks_ws/src/install/number_square/bin'
[6.584s] INFO:colcon.colcon_core.shell:Creating package script '/home/rj/tasks_ws/src/install/number_square/share/number_square/package.ps1'
[6.584s] INFO:colcon.colcon_core.shell:Creating package descriptor '/home/rj/tasks_ws/src/install/number_square/share/number_square/package.dsv'
[6.588s] INFO:colcon.colcon_core.shell:Creating package script '/home/rj/tasks_ws/src/install/number_square/share/number_square/package.sh'
[6.588s] INFO:colcon.colcon_core.shell:Creating package script '/home/rj/tasks_ws/src/install/number_square/share/number_square/package.bash'
[6.588s] INFO:colcon.colcon_core.shell:Creating package script '/home/rj/tasks_ws/src/install/number_square/share/number_square/package.zsh'
[6.589s] Level 1:colcon.colcon_core.environment:create_file_with_runtime_dependencies(/home/rj/tasks_ws/src/install/number_square/share/colcon-core/packages/number_square)
[6.589s] DEBUG:colcon.colcon_parallel_executor.executor.parallel:closing loop
[6.589s] DEBUG:colcon.colcon_parallel_executor.executor.parallel:loop closed
[6.589s] DEBUG:colcon.colcon_parallel_executor.executor.parallel:run_until_complete finished with '0'
[6.589s] DEBUG:colcon.colcon_core.event_reactor:joining thread
[6.594s] INFO:colcon.colcon_core.plugin_system:Skipping extension 'colcon_notification.desktop_notification.terminal_notifier': Not used on non-Darwin systems
[6.594s] INFO:colcon.colcon_core.plugin_system:Skipping extension 'colcon_notification.desktop_notification.win32': Not used on non-Windows systems
[6.594s] INFO:colcon.colcon_notification.desktop_notification:Sending desktop notification using 'notify2'
[6.603s] DEBUG:colcon.colcon_core.event_reactor:joined thread
[6.603s] INFO:colcon.colcon_core.shell:Creating prefix script '/home/rj/tasks_ws/src/install/local_setup.ps1'
[6.604s] INFO:colcon.colcon_core.shell:Creating prefix util module '/home/rj/tasks_ws/src/install/_local_setup_util_ps1.py'
[6.605s] INFO:colcon.colcon_core.shell:Creating prefix chain script '/home/rj/tasks_ws/src/install/setup.ps1'
[6.606s] INFO:colcon.colcon_core.shell:Creating prefix script '/home/rj/tasks_ws/src/install/local_setup.sh'
[6.606s] INFO:colcon.colcon_core.shell:Creating prefix util module '/home/rj/tasks_ws/src/install/_local_setup_util_sh.py'
[6.606s] INFO:colcon.colcon_core.shell:Creating prefix chain script '/home/rj/tasks_ws/src/install/setup.sh'
[6.607s] INFO:colcon.colcon_core.shell:Creating prefix script '/home/rj/tasks_ws/src/install/local_setup.bash'
[6.608s] INFO:colcon.colcon_core.shell:Creating prefix chain script '/home/rj/tasks_ws/src/install/setup.bash'
[6.608s] INFO:colcon.colcon_core.shell:Creating prefix script '/home/rj/tasks_ws/src/install/local_setup.zsh'
[6.609s] INFO:colcon.colcon_core.shell:Creating prefix chain script '/home/rj/tasks_ws/src/install/setup.zsh'
