[0.007s] Invoking command in '/home/rj/rover_bot/build/rover_controller': CMAKE_PREFIX_PATH=${CMAKE_PREFIX_PATH}:/home/rj/ws_rover/install/rover_controller:/home/rj/ws_rover/install/rover_bot:/home/rj/ws_rover/src/install/rover_controller:/opt/ros/humble /usr/bin/cmake --build /home/rj/rover_bot/build/rover_controller -- -j24 -l24
[0.064s] [ 16%] [32mBuilding CXX object CMakeFiles/proximity_warning.dir/src/proximity_warning.cpp.o[0m
[0.064s] [ 50%] [32mBuilding CXX object CMakeFiles/emergency_stop.dir/src/emergency_stop.cpp.o[0m
[0.064s] [ 50%] [32mBuilding CXX object CMakeFiles/lidar_processor.dir/src/lidar_processor.cpp.o[0m
[5.266s] [ 66%] [32m[1mLinking CXX executable emergency_stop[0m
[5.416s] [ 83%] [32m[1mLinking CXX executable proximity_warning[0m
[5.484s] [100%] [32m[1mLinking CXX executable lidar_processor[0m
[5.517s] [100%] Built target emergency_stop
[5.659s] [100%] Built target proximity_warning
[5.741s] [100%] Built target lidar_processor
[5.752s] Invoked command in '/home/rj/rover_bot/build/rover_controller' returned '0': CMAKE_PREFIX_PATH=${CMAKE_PREFIX_PATH}:/home/rj/ws_rover/install/rover_controller:/home/rj/ws_rover/install/rover_bot:/home/rj/ws_rover/src/install/rover_controller:/opt/ros/humble /usr/bin/cmake --build /home/rj/rover_bot/build/rover_controller -- -j24 -l24
[5.764s] Invoking command in '/home/rj/rover_bot/build/rover_controller': CMAKE_PREFIX_PATH=${CMAKE_PREFIX_PATH}:/home/rj/ws_rover/install/rover_controller:/home/rj/ws_rover/install/rover_bot:/home/rj/ws_rover/src/install/rover_controller:/opt/ros/humble /usr/bin/cmake --install /home/rj/rover_bot/build/rover_controller
[5.773s] -- Install configuration: ""
[5.773s] -- Installing: /home/rj/rover_bot/install/rover_controller/lib/rover_controller/lidar_processor
[5.778s] -- Set runtime path of "/home/rj/rover_bot/install/rover_controller/lib/rover_controller/lidar_processor" to ""
[5.778s] -- Installing: /home/rj/rover_bot/install/rover_controller/lib/rover_controller/proximity_warning
[5.783s] -- Set runtime path of "/home/rj/rover_bot/install/rover_controller/lib/rover_controller/proximity_warning" to ""
[5.783s] -- Installing: /home/rj/rover_bot/install/rover_controller/lib/rover_controller/emergency_stop
[5.786s] -- Set runtime path of "/home/rj/rover_bot/install/rover_controller/lib/rover_controller/emergency_stop" to ""
[5.786s] -- Up-to-date: /home/rj/rover_bot/install/rover_controller/share/rover_controller/launch
[5.786s] -- Up-to-date: /home/rj/rover_bot/install/rover_controller/share/rover_controller/launch/gazebo_rviz.launch.py
[5.786s] -- Up-to-date: /home/rj/rover_bot/install/rover_controller/share/rover_controller/launch/launch_nodes.launch.py
[5.786s] -- Up-to-date: /home/rj/rover_bot/install/rover_controller/share/rover_controller/model
[5.786s] -- Up-to-date: /home/rj/rover_bot/install/rover_controller/share/rover_controller/model/robot.gazebo
[5.786s] -- Up-to-date: /home/rj/rover_bot/install/rover_controller/share/rover_controller/model/empty_world.world
[5.787s] -- Up-to-date: /home/rj/rover_bot/install/rover_controller/share/rover_controller/model/robot.xacro
[5.787s] -- Up-to-date: /home/rj/rover_bot/install/rover_controller/share/rover_controller/rviz
[5.787s] -- Up-to-date: /home/rj/rover_bot/install/rover_controller/share/rover_controller/rviz/rover_task_lidar_camera.rviz
[5.787s] -- Up-to-date: /home/rj/rover_bot/install/rover_controller/share/ament_index/resource_index/package_run_dependencies/rover_controller
[5.787s] -- Up-to-date: /home/rj/rover_bot/install/rover_controller/share/ament_index/resource_index/parent_prefix_path/rover_controller
[5.787s] -- Up-to-date: /home/rj/rover_bot/install/rover_controller/share/rover_controller/environment/ament_prefix_path.sh
[5.788s] -- Up-to-date: /home/rj/rover_bot/install/rover_controller/share/rover_controller/environment/ament_prefix_path.dsv
[5.788s] -- Up-to-date: /home/rj/rover_bot/install/rover_controller/share/rover_controller/environment/path.sh
[5.788s] -- Up-to-date: /home/rj/rover_bot/install/rover_controller/share/rover_controller/environment/path.dsv
[5.788s] -- Up-to-date: /home/rj/rover_bot/install/rover_controller/share/rover_controller/local_setup.bash
[5.788s] -- Up-to-date: /home/rj/rover_bot/install/rover_controller/share/rover_controller/local_setup.sh
[5.788s] -- Up-to-date: /home/rj/rover_bot/install/rover_controller/share/rover_controller/local_setup.zsh
[5.788s] -- Up-to-date: /home/rj/rover_bot/install/rover_controller/share/rover_controller/local_setup.dsv
[5.788s] -- Installing: /home/rj/rover_bot/install/rover_controller/share/rover_controller/package.dsv
[5.788s] -- Up-to-date: /home/rj/rover_bot/install/rover_controller/share/ament_index/resource_index/packages/rover_controller
[5.788s] -- Up-to-date: /home/rj/rover_bot/install/rover_controller/share/rover_controller/cmake/rover_controllerConfig.cmake
[5.788s] -- Up-to-date: /home/rj/rover_bot/install/rover_controller/share/rover_controller/cmake/rover_controllerConfig-version.cmake
[5.788s] -- Up-to-date: /home/rj/rover_bot/install/rover_controller/share/rover_controller/package.xml
[5.788s] Invoked command in '/home/rj/rover_bot/build/rover_controller' returned '0': CMAKE_PREFIX_PATH=${CMAKE_PREFIX_PATH}:/home/rj/ws_rover/install/rover_controller:/home/rj/ws_rover/install/rover_bot:/home/rj/ws_rover/src/install/rover_controller:/opt/ros/humble /usr/bin/cmake --install /home/rj/rover_bot/build/rover_controller
