[0.008s] Invoking command in '/home/rj/tasks_ws/build/number_square': CMAKE_PREFIX_PATH=${CMAKE_PREFIX_PATH}:/home/rj/ws_rover/install/rover_controller:/home/rj/ws_rover/install/rover_bot:/home/rj/ws_rover/src/install/rover_controller:/opt/ros/humble /usr/bin/cmake /home/rj/tasks_ws/src/number_square -DCMAKE_INSTALL_PREFIX=/home/rj/tasks_ws/install/number_square
[0.061s] -- The C compiler identification is GNU 11.4.0
[0.120s] -- The CXX compiler identification is GNU 11.4.0
[0.125s] -- Detecting C compiler ABI info
[0.199s] -- Detecting C compiler ABI info - done
[0.207s] -- Check for working C compiler: /usr/bin/cc - skipped
[0.207s] -- Detecting C compile features
[0.208s] -- Detecting C compile features - done
[0.212s] -- Detecting CXX compiler ABI info
[0.298s] -- Detecting CXX compiler ABI info - done
[0.306s] -- Check for working CXX compiler: /usr/bin/c++ - skipped
[0.306s] -- Detecting CXX compile features
[0.307s] -- Detecting CXX compile features - done
[0.310s] -- Found ament_cmake: 1.3.11 (/opt/ros/humble/share/ament_cmake/cmake)
[0.613s] -- Found Python3: /usr/bin/python3 (found version "3.10.12") found components: Interpreter 
[0.683s] -- Found rclcpp: 16.0.12 (/opt/ros/humble/share/rclcpp/cmake)
[0.712s] -- Found rosidl_generator_c: 3.1.6 (/opt/ros/humble/share/rosidl_generator_c/cmake)
[0.715s] -- Found rosidl_adapter: 3.1.6 (/opt/ros/humble/share/rosidl_adapter/cmake)
[0.720s] -- Found rosidl_generator_cpp: 3.1.6 (/opt/ros/humble/share/rosidl_generator_cpp/cmake)
[0.728s] -- Using all available rosidl_typesupport_c: rosidl_typesupport_fastrtps_c;rosidl_typesupport_introspection_c
[0.738s] -- Using all available rosidl_typesupport_cpp: rosidl_typesupport_fastrtps_cpp;rosidl_typesupport_introspection_cpp
[0.766s] -- Found rmw_implementation_cmake: 6.1.2 (/opt/ros/humble/share/rmw_implementation_cmake/cmake)
[0.768s] -- Found rmw_fastrtps_cpp: 6.2.7 (/opt/ros/humble/share/rmw_fastrtps_cpp/cmake)
[0.852s] -- Found OpenSSL: /usr/lib/x86_64-linux-gnu/libcrypto.so (found version "3.0.2")  
[0.883s] -- Found FastRTPS: /opt/ros/humble/include  
[0.922s] -- Using RMW implementation 'rmw_fastrtps_cpp' as default
[0.931s] -- Looking for pthread.h
[0.999s] -- Looking for pthread.h - found
[1.000s] -- Performing Test CMAKE_HAVE_LIBC_PTHREAD
[1.085s] -- Performing Test CMAKE_HAVE_LIBC_PTHREAD - Success
[1.086s] -- Found Threads: TRUE  
[1.125s] -- Found ament_lint_auto: 0.12.12 (/opt/ros/humble/share/ament_lint_auto/cmake)
[1.176s] -- Added test 'cppcheck' to perform static code analysis on C / C++ code
[1.176s] -- Configured cppcheck include dirs: 
[1.176s] -- Configured cppcheck exclude dirs and/or files: 
[1.177s] -- Added test 'flake8' to check Python code syntax and style conventions
[1.177s] -- Added test 'lint_cmake' to check CMake code style
[1.177s] -- Added test 'pep257' to check Python code against some of the docstring style conventions in PEP 257
[1.178s] -- Added test 'uncrustify' to check C / C++ code style
[1.178s] -- Configured uncrustify additional arguments: 
[1.178s] -- Added test 'xmllint' to check XML markup files
[1.179s] -- Configuring done
[1.185s] -- Generating done
[1.188s] -- Build files have been written to: /home/rj/tasks_ws/build/number_square
[1.196s] Invoked command in '/home/rj/tasks_ws/build/number_square' returned '0': CMAKE_PREFIX_PATH=${CMAKE_PREFIX_PATH}:/home/rj/ws_rover/install/rover_controller:/home/rj/ws_rover/install/rover_bot:/home/rj/ws_rover/src/install/rover_controller:/opt/ros/humble /usr/bin/cmake /home/rj/tasks_ws/src/number_square -DCMAKE_INSTALL_PREFIX=/home/rj/tasks_ws/install/number_square
[1.196s] Invoking command in '/home/rj/tasks_ws/build/number_square': CMAKE_PREFIX_PATH=${CMAKE_PREFIX_PATH}:/home/rj/ws_rover/install/rover_controller:/home/rj/ws_rover/install/rover_bot:/home/rj/ws_rover/src/install/rover_controller:/opt/ros/humble /usr/bin/cmake --build /home/rj/tasks_ws/build/number_square -- -j24 -l24
[1.247s] [ 25%] [32mBuilding CXX object CMakeFiles/pub_node.dir/src/number_publisher.cpp.o[0m
[1.249s] [ 50%] [32mBuilding CXX object CMakeFiles/sub_node.dir/src/number_square.cpp.o[0m
[3.836s] [ 75%] [32m[1mLinking CXX executable pub_node[0m
[3.963s] [ 75%] Built target pub_node
[6.124s] [100%] [32m[1mLinking CXX executable sub_node[0m
[6.352s] [100%] Built target sub_node
[6.364s] Invoked command in '/home/rj/tasks_ws/build/number_square' returned '0': CMAKE_PREFIX_PATH=${CMAKE_PREFIX_PATH}:/home/rj/ws_rover/install/rover_controller:/home/rj/ws_rover/install/rover_bot:/home/rj/ws_rover/src/install/rover_controller:/opt/ros/humble /usr/bin/cmake --build /home/rj/tasks_ws/build/number_square -- -j24 -l24
[6.373s] Invoking command in '/home/rj/tasks_ws/build/number_square': CMAKE_PREFIX_PATH=${CMAKE_PREFIX_PATH}:/home/rj/ws_rover/install/rover_controller:/home/rj/ws_rover/install/rover_bot:/home/rj/ws_rover/src/install/rover_controller:/opt/ros/humble /usr/bin/cmake --install /home/rj/tasks_ws/build/number_square
[6.377s] -- Install configuration: ""
[6.377s] -- Installing: /home/rj/tasks_ws/install/number_square/lib/number_square/pub_node
[6.378s] -- Set runtime path of "/home/rj/tasks_ws/install/number_square/lib/number_square/pub_node" to ""
[6.378s] -- Installing: /home/rj/tasks_ws/install/number_square/lib/number_square/sub_node
[6.380s] -- Set runtime path of "/home/rj/tasks_ws/install/number_square/lib/number_square/sub_node" to ""
[6.380s] -- Installing: /home/rj/tasks_ws/install/number_square/share/number_square//launch
[6.380s] -- Installing: /home/rj/tasks_ws/install/number_square/share/number_square//launch/launch_nodes.py
[6.380s] -- Installing: /home/rj/tasks_ws/install/number_square/share/ament_index/resource_index/package_run_dependencies/number_square
[6.380s] -- Installing: /home/rj/tasks_ws/install/number_square/share/ament_index/resource_index/parent_prefix_path/number_square
[6.380s] -- Installing: /home/rj/tasks_ws/install/number_square/share/number_square/environment/ament_prefix_path.sh
[6.380s] -- Installing: /home/rj/tasks_ws/install/number_square/share/number_square/environment/ament_prefix_path.dsv
[6.380s] -- Installing: /home/rj/tasks_ws/install/number_square/share/number_square/environment/path.sh
[6.380s] -- Installing: /home/rj/tasks_ws/install/number_square/share/number_square/environment/path.dsv
[6.380s] -- Installing: /home/rj/tasks_ws/install/number_square/share/number_square/local_setup.bash
[6.381s] -- Installing: /home/rj/tasks_ws/install/number_square/share/number_square/local_setup.sh
[6.381s] -- Installing: /home/rj/tasks_ws/install/number_square/share/number_square/local_setup.zsh
[6.381s] -- Installing: /home/rj/tasks_ws/install/number_square/share/number_square/local_setup.dsv
[6.381s] -- Installing: /home/rj/tasks_ws/install/number_square/share/number_square/package.dsv
[6.381s] -- Installing: /home/rj/tasks_ws/install/number_square/share/ament_index/resource_index/packages/number_square
[6.381s] -- Installing: /home/rj/tasks_ws/install/number_square/share/number_square/cmake/number_squareConfig.cmake
[6.381s] -- Installing: /home/rj/tasks_ws/install/number_square/share/number_square/cmake/number_squareConfig-version.cmake
[6.381s] -- Installing: /home/rj/tasks_ws/install/number_square/share/number_square/package.xml
[6.382s] Invoked command in '/home/rj/tasks_ws/build/number_square' returned '0': CMAKE_PREFIX_PATH=${CMAKE_PREFIX_PATH}:/home/rj/ws_rover/install/rover_controller:/home/rj/ws_rover/install/rover_bot:/home/rj/ws_rover/src/install/rover_controller:/opt/ros/humble /usr/bin/cmake --install /home/rj/tasks_ws/build/number_square
