[0.009s] Invoking command in '/home/rj/rover_bot/build/rover_controller': CMAKE_PREFIX_PATH=${CMAKE_PREFIX_PATH}:/opt/ros/humble /usr/bin/cmake --build /home/rj/rover_bot/build/rover_controller -- -j24 -l24
[0.052s] [35m[1mConsolidate compiler generated dependencies of target controller[0m
[0.064s] [ 33%] Built target lidar_processor
[0.066s] [ 66%] Built target cone_detector
[0.070s] [ 83%] [32mBuilding CXX object CMakeFiles/controller.dir/src/controller.cpp.o[0m
[6.799s] [100%] [32m[1mLinking CXX executable controller[0m
[7.122s] [100%] Built target controller
[7.134s] Invoked command in '/home/rj/rover_bot/build/rover_controller' returned '0': CMAKE_PREFIX_PATH=${CMAKE_PREFIX_PATH}:/opt/ros/humble /usr/bin/cmake --build /home/rj/rover_bot/build/rover_controller -- -j24 -l24
[7.147s] Invoking command in '/home/rj/rover_bot/build/rover_controller': CMAKE_PREFIX_PATH=${CMAKE_PREFIX_PATH}:/opt/ros/humble /usr/bin/cmake --install /home/rj/rover_bot/build/rover_controller
[7.156s] -- Install configuration: ""
[7.156s] -- Up-to-date: /home/rj/rover_bot/install/rover_controller/lib/rover_controller/lidar_processor
[7.157s] -- Installing: /home/rj/rover_bot/install/rover_controller/lib/rover_controller/controller
[7.168s] -- Set runtime path of "/home/rj/rover_bot/install/rover_controller/lib/rover_controller/controller" to ""
[7.168s] -- Up-to-date: /home/rj/rover_bot/install/rover_controller/lib/rover_controller/cone_detector
[7.168s] -- Up-to-date: /home/rj/rover_bot/install/rover_controller/share/rover_controller/launch
[7.168s] -- Up-to-date: /home/rj/rover_bot/install/rover_controller/share/rover_controller/launch/gazebo_rviz.launch.py
[7.169s] -- Up-to-date: /home/rj/rover_bot/install/rover_controller/share/rover_controller/launch/launch_nodes.launch.py
[7.169s] -- Up-to-date: /home/rj/rover_bot/install/rover_controller/share/rover_controller/model
[7.169s] -- Up-to-date: /home/rj/rover_bot/install/rover_controller/share/rover_controller/model/robot.gazebo
[7.169s] -- Up-to-date: /home/rj/rover_bot/install/rover_controller/share/rover_controller/model/empty_world.world
[7.169s] -- Up-to-date: /home/rj/rover_bot/install/rover_controller/share/rover_controller/model/robot.xacro
[7.169s] -- Up-to-date: /home/rj/rover_bot/install/rover_controller/share/rover_controller/rviz
[7.169s] -- Up-to-date: /home/rj/rover_bot/install/rover_controller/share/rover_controller/rviz/rover_task_lidar_camera.rviz
[7.169s] -- Up-to-date: /home/rj/rover_bot/install/rover_controller/share/ament_index/resource_index/package_run_dependencies/rover_controller
[7.169s] -- Up-to-date: /home/rj/rover_bot/install/rover_controller/share/ament_index/resource_index/parent_prefix_path/rover_controller
[7.169s] -- Up-to-date: /home/rj/rover_bot/install/rover_controller/share/rover_controller/environment/ament_prefix_path.sh
[7.169s] -- Up-to-date: /home/rj/rover_bot/install/rover_controller/share/rover_controller/environment/ament_prefix_path.dsv
[7.169s] -- Up-to-date: /home/rj/rover_bot/install/rover_controller/share/rover_controller/environment/path.sh
[7.169s] -- Up-to-date: /home/rj/rover_bot/install/rover_controller/share/rover_controller/environment/path.dsv
[7.169s] -- Up-to-date: /home/rj/rover_bot/install/rover_controller/share/rover_controller/local_setup.bash
[7.169s] -- Up-to-date: /home/rj/rover_bot/install/rover_controller/share/rover_controller/local_setup.sh
[7.170s] -- Up-to-date: /home/rj/rover_bot/install/rover_controller/share/rover_controller/local_setup.zsh
[7.170s] -- Up-to-date: /home/rj/rover_bot/install/rover_controller/share/rover_controller/local_setup.dsv
[7.170s] -- Installing: /home/rj/rover_bot/install/rover_controller/share/rover_controller/package.dsv
[7.170s] -- Up-to-date: /home/rj/rover_bot/install/rover_controller/share/ament_index/resource_index/packages/rover_controller
[7.170s] -- Up-to-date: /home/rj/rover_bot/install/rover_controller/share/rover_controller/cmake/rover_controllerConfig.cmake
[7.170s] -- Up-to-date: /home/rj/rover_bot/install/rover_controller/share/rover_controller/cmake/rover_controllerConfig-version.cmake
[7.170s] -- Up-to-date: /home/rj/rover_bot/install/rover_controller/share/rover_controller/package.xml
[7.171s] Invoked command in '/home/rj/rover_bot/build/rover_controller' returned '0': CMAKE_PREFIX_PATH=${CMAKE_PREFIX_PATH}:/opt/ros/humble /usr/bin/cmake --install /home/rj/rover_bot/build/rover_controller
