[0.065s] DEBUG:colcon:Command line arguments: ['/usr/bin/colcon', 'build']
[0.065s] DEBUG:colcon:Parsed command line arguments: Namespace(log_base=None, log_level=None, verb_name='build', build_base='build', install_base='install', merge_install=False, symlink_install=False, test_result_base=None, continue_on_error=False, executor='parallel', parallel_workers=24, event_handlers=None, ignore_user_meta=False, metas=['./colcon.meta'], base_paths=['.'], packages_ignore=None, packages_ignore_regex=None, paths=None, packages_up_to=None, packages_up_to_regex=None, packages_above=None, packages_above_and_dependencies=None, packages_above_depth=None, packages_select_by_dep=None, packages_skip_by_dep=None, packages_skip_up_to=None, packages_select_build_failed=False, packages_skip_build_finished=False, packages_select_test_failures=False, packages_skip_test_passed=False, packages_select=None, packages_skip=None, packages_select_regex=None, packages_skip_regex=None, packages_start=None, packages_end=None, allow_overriding=[], cmake_args=None, cmake_target=None, cmake_target_skip_unavailable=False, cmake_clean_cache=False, cmake_clean_first=False, cmake_force_configure=False, ament_cmake_args=None, catkin_cmake_args=None, catkin_skip_building_tests=False, verb_parser=<colcon_defaults.argument_parser.defaults.DefaultArgumentsDecorator object at 0x72a81ae5d900>, verb_extension=<colcon_core.verb.build.BuildVerb object at 0x72a81ae5d300>, main=<bound method BuildVerb.main of <colcon_core.verb.build.BuildVerb object at 0x72a81ae5d300>>)
[0.217s] Level 1:colcon.colcon_core.package_discovery:discover_packages(colcon_meta) check parameters
[0.217s] Level 1:colcon.colcon_core.package_discovery:discover_packages(recursive) check parameters
[0.217s] Level 1:colcon.colcon_core.package_discovery:discover_packages(ignore) check parameters
[0.217s] Level 1:colcon.colcon_core.package_discovery:discover_packages(path) check parameters
[0.217s] Level 1:colcon.colcon_core.package_discovery:discover_packages(colcon_meta) discover
[0.218s] Level 1:colcon.colcon_core.package_discovery:discover_packages(recursive) discover
[0.218s] INFO:colcon.colcon_core.package_discovery:Crawling recursively for packages in '/home/rj/rover_bot'
[0.218s] Level 1:colcon.colcon_core.package_identification:_identify(.) by extensions ['ignore', 'ignore_ament_install']
[0.218s] Level 1:colcon.colcon_core.package_identification:_identify(.) by extension 'ignore'
[0.218s] Level 1:colcon.colcon_core.package_identification:_identify(.) by extension 'ignore_ament_install'
[0.218s] Level 1:colcon.colcon_core.package_identification:_identify(.) by extensions ['colcon_pkg']
[0.218s] Level 1:colcon.colcon_core.package_identification:_identify(.) by extension 'colcon_pkg'
[0.218s] Level 1:colcon.colcon_core.package_identification:_identify(.) by extensions ['colcon_meta']
[0.218s] Level 1:colcon.colcon_core.package_identification:_identify(.) by extension 'colcon_meta'
[0.218s] Level 1:colcon.colcon_core.package_identification:_identify(.) by extensions ['ros']
[0.218s] Level 1:colcon.colcon_core.package_identification:_identify(.) by extension 'ros'
[0.227s] Level 1:colcon.colcon_core.package_identification:_identify(.) by extensions ['cmake', 'python']
[0.227s] Level 1:colcon.colcon_core.package_identification:_identify(.) by extension 'cmake'
[0.227s] Level 1:colcon.colcon_core.package_identification:_identify(.) by extension 'python'
[0.227s] Level 1:colcon.colcon_core.package_identification:_identify(.) by extensions ['python_setup_py']
[0.227s] Level 1:colcon.colcon_core.package_identification:_identify(.) by extension 'python_setup_py'
[0.227s] Level 1:colcon.colcon_core.package_identification:_identify(build) by extensions ['ignore', 'ignore_ament_install']
[0.227s] Level 1:colcon.colcon_core.package_identification:_identify(build) by extension 'ignore'
[0.227s] Level 1:colcon.colcon_core.package_identification:_identify(build) ignored
[0.227s] Level 1:colcon.colcon_core.package_identification:_identify(install) by extensions ['ignore', 'ignore_ament_install']
[0.227s] Level 1:colcon.colcon_core.package_identification:_identify(install) by extension 'ignore'
[0.227s] Level 1:colcon.colcon_core.package_identification:_identify(install) ignored
[0.227s] Level 1:colcon.colcon_core.package_identification:_identify(log) by extensions ['ignore', 'ignore_ament_install']
[0.227s] Level 1:colcon.colcon_core.package_identification:_identify(log) by extension 'ignore'
[0.227s] Level 1:colcon.colcon_core.package_identification:_identify(log) ignored
[0.227s] Level 1:colcon.colcon_core.package_identification:_identify(src) by extensions ['ignore', 'ignore_ament_install']
[0.227s] Level 1:colcon.colcon_core.package_identification:_identify(src) by extension 'ignore'
[0.227s] Level 1:colcon.colcon_core.package_identification:_identify(src) by extension 'ignore_ament_install'
[0.227s] Level 1:colcon.colcon_core.package_identification:_identify(src) by extensions ['colcon_pkg']
[0.227s] Level 1:colcon.colcon_core.package_identification:_identify(src) by extension 'colcon_pkg'
[0.227s] Level 1:colcon.colcon_core.package_identification:_identify(src) by extensions ['colcon_meta']
[0.227s] Level 1:colcon.colcon_core.package_identification:_identify(src) by extension 'colcon_meta'
[0.227s] Level 1:colcon.colcon_core.package_identification:_identify(src) by extensions ['ros']
[0.227s] Level 1:colcon.colcon_core.package_identification:_identify(src) by extension 'ros'
[0.228s] Level 1:colcon.colcon_core.package_identification:_identify(src) by extensions ['cmake', 'python']
[0.228s] Level 1:colcon.colcon_core.package_identification:_identify(src) by extension 'cmake'
[0.228s] Level 1:colcon.colcon_core.package_identification:_identify(src) by extension 'python'
[0.228s] Level 1:colcon.colcon_core.package_identification:_identify(src) by extensions ['python_setup_py']
[0.228s] Level 1:colcon.colcon_core.package_identification:_identify(src) by extension 'python_setup_py'
[0.228s] Level 1:colcon.colcon_core.package_identification:_identify(src/rover_controller) by extensions ['ignore', 'ignore_ament_install']
[0.228s] Level 1:colcon.colcon_core.package_identification:_identify(src/rover_controller) by extension 'ignore'
[0.228s] Level 1:colcon.colcon_core.package_identification:_identify(src/rover_controller) by extension 'ignore_ament_install'
[0.228s] Level 1:colcon.colcon_core.package_identification:_identify(src/rover_controller) by extensions ['colcon_pkg']
[0.228s] Level 1:colcon.colcon_core.package_identification:_identify(src/rover_controller) by extension 'colcon_pkg'
[0.228s] Level 1:colcon.colcon_core.package_identification:_identify(src/rover_controller) by extensions ['colcon_meta']
[0.228s] Level 1:colcon.colcon_core.package_identification:_identify(src/rover_controller) by extension 'colcon_meta'
[0.228s] Level 1:colcon.colcon_core.package_identification:_identify(src/rover_controller) by extensions ['ros']
[0.228s] Level 1:colcon.colcon_core.package_identification:_identify(src/rover_controller) by extension 'ros'
[0.229s] DEBUG:colcon.colcon_core.package_identification:Package 'src/rover_controller' with type 'ros.ament_cmake' and name 'rover_controller'
[0.229s] Level 1:colcon.colcon_core.package_discovery:discover_packages(recursive) using defaults
[0.229s] Level 1:colcon.colcon_core.package_discovery:discover_packages(ignore) discover
[0.229s] Level 1:colcon.colcon_core.package_discovery:discover_packages(ignore) using defaults
[0.229s] Level 1:colcon.colcon_core.package_discovery:discover_packages(path) discover
[0.229s] Level 1:colcon.colcon_core.package_discovery:discover_packages(path) using defaults
[0.242s] Level 1:colcon.colcon_core.package_discovery:discover_packages(prefix_path) check parameters
[0.242s] Level 1:colcon.colcon_core.package_discovery:discover_packages(prefix_path) discover
[0.243s] DEBUG:colcon.colcon_installed_package_information.package_discovery:Found 1 installed packages in /home/rj/rover_bot/install
[0.244s] DEBUG:colcon.colcon_installed_package_information.package_discovery:Found 341 installed packages in /opt/ros/humble
[0.245s] Level 1:colcon.colcon_core.package_discovery:discover_packages(prefix_path) using defaults
[0.270s] Level 5:colcon.colcon_core.verb:set package 'rover_controller' build argument 'cmake_args' from command line to 'None'
[0.270s] Level 5:colcon.colcon_core.verb:set package 'rover_controller' build argument 'cmake_target' from command line to 'None'
[0.270s] Level 5:colcon.colcon_core.verb:set package 'rover_controller' build argument 'cmake_target_skip_unavailable' from command line to 'False'
[0.270s] Level 5:colcon.colcon_core.verb:set package 'rover_controller' build argument 'cmake_clean_cache' from command line to 'False'
[0.270s] Level 5:colcon.colcon_core.verb:set package 'rover_controller' build argument 'cmake_clean_first' from command line to 'False'
[0.270s] Level 5:colcon.colcon_core.verb:set package 'rover_controller' build argument 'cmake_force_configure' from command line to 'False'
[0.270s] Level 5:colcon.colcon_core.verb:set package 'rover_controller' build argument 'ament_cmake_args' from command line to 'None'
[0.270s] Level 5:colcon.colcon_core.verb:set package 'rover_controller' build argument 'catkin_cmake_args' from command line to 'None'
[0.270s] Level 5:colcon.colcon_core.verb:set package 'rover_controller' build argument 'catkin_skip_building_tests' from command line to 'False'
[0.270s] DEBUG:colcon.colcon_core.verb:Building package 'rover_controller' with the following arguments: {'ament_cmake_args': None, 'build_base': '/home/rj/rover_bot/build/rover_controller', 'catkin_cmake_args': None, 'catkin_skip_building_tests': False, 'cmake_args': None, 'cmake_clean_cache': False, 'cmake_clean_first': False, 'cmake_force_configure': False, 'cmake_target': None, 'cmake_target_skip_unavailable': False, 'install_base': '/home/rj/rover_bot/install/rover_controller', 'merge_install': False, 'path': '/home/rj/rover_bot/src/rover_controller', 'symlink_install': False, 'test_result_base': None}
[0.270s] INFO:colcon.colcon_core.executor:Executing jobs using 'parallel' executor
[0.271s] DEBUG:colcon.colcon_parallel_executor.executor.parallel:run_until_complete
[0.271s] INFO:colcon.colcon_ros.task.ament_cmake.build:Building ROS package in '/home/rj/rover_bot/src/rover_controller' with build type 'ament_cmake'
[0.271s] INFO:colcon.colcon_cmake.task.cmake.build:Building CMake package in '/home/rj/rover_bot/src/rover_controller'
[0.272s] INFO:colcon.colcon_core.plugin_system:Skipping extension 'colcon_core.shell.bat': Not used on non-Windows systems
[0.272s] INFO:colcon.colcon_core.shell:Skip shell extension 'powershell' for command environment: Not usable outside of PowerShell
[0.272s] DEBUG:colcon.colcon_core.shell:Skip shell extension 'dsv' for command environment
[0.279s] DEBUG:colcon.colcon_core.event_handler.log_command:Invoking command in '/home/rj/rover_bot/build/rover_controller': CMAKE_PREFIX_PATH=${CMAKE_PREFIX_PATH}:/opt/ros/humble /usr/bin/cmake --build /home/rj/rover_bot/build/rover_controller -- -j24 -l24
[6.480s] DEBUG:colcon.colcon_core.event_handler.log_command:Invoked command in '/home/rj/rover_bot/build/rover_controller' returned '0': CMAKE_PREFIX_PATH=${CMAKE_PREFIX_PATH}:/opt/ros/humble /usr/bin/cmake --build /home/rj/rover_bot/build/rover_controller -- -j24 -l24
[6.491s] DEBUG:colcon.colcon_core.event_handler.log_command:Invoking command in '/home/rj/rover_bot/build/rover_controller': CMAKE_PREFIX_PATH=${CMAKE_PREFIX_PATH}:/opt/ros/humble /usr/bin/cmake --install /home/rj/rover_bot/build/rover_controller
[6.508s] Level 1:colcon.colcon_core.environment:create_environment_scripts_only(rover_controller)
[6.509s] DEBUG:colcon.colcon_core.event_handler.log_command:Invoked command in '/home/rj/rover_bot/build/rover_controller' returned '0': CMAKE_PREFIX_PATH=${CMAKE_PREFIX_PATH}:/opt/ros/humble /usr/bin/cmake --install /home/rj/rover_bot/build/rover_controller
[6.513s] Level 1:colcon.colcon_core.environment:checking '/home/rj/rover_bot/install/rover_controller' for CMake module files
[6.514s] Level 1:colcon.colcon_core.environment:checking '/home/rj/rover_bot/install/rover_controller' for CMake config files
[6.514s] Level 1:colcon.colcon_core.shell:create_environment_hook('rover_controller', 'cmake_prefix_path')
[6.514s] INFO:colcon.colcon_core.shell:Creating environment hook '/home/rj/rover_bot/install/rover_controller/share/rover_controller/hook/cmake_prefix_path.ps1'
[6.515s] INFO:colcon.colcon_core.shell:Creating environment descriptor '/home/rj/rover_bot/install/rover_controller/share/rover_controller/hook/cmake_prefix_path.dsv'
[6.515s] INFO:colcon.colcon_core.shell:Creating environment hook '/home/rj/rover_bot/install/rover_controller/share/rover_controller/hook/cmake_prefix_path.sh'
[6.516s] Level 1:colcon.colcon_core.environment:checking '/home/rj/rover_bot/install/rover_controller/lib'
[6.516s] Level 1:colcon.colcon_core.environment:checking '/home/rj/rover_bot/install/rover_controller/bin'
[6.516s] Level 1:colcon.colcon_core.environment:checking '/home/rj/rover_bot/install/rover_controller/lib/pkgconfig/rover_controller.pc'
[6.516s] Level 1:colcon.colcon_core.environment:checking '/home/rj/rover_bot/install/rover_controller/lib/python3.10/site-packages'
[6.516s] Level 1:colcon.colcon_core.environment:checking '/home/rj/rover_bot/install/rover_controller/bin'
[6.516s] INFO:colcon.colcon_core.shell:Creating package script '/home/rj/rover_bot/install/rover_controller/share/rover_controller/package.ps1'
[6.517s] INFO:colcon.colcon_core.shell:Creating package descriptor '/home/rj/rover_bot/install/rover_controller/share/rover_controller/package.dsv'
[6.517s] INFO:colcon.colcon_core.shell:Creating package script '/home/rj/rover_bot/install/rover_controller/share/rover_controller/package.sh'
[6.518s] INFO:colcon.colcon_core.shell:Creating package script '/home/rj/rover_bot/install/rover_controller/share/rover_controller/package.bash'
[6.518s] INFO:colcon.colcon_core.shell:Creating package script '/home/rj/rover_bot/install/rover_controller/share/rover_controller/package.zsh'
[6.519s] Level 1:colcon.colcon_core.environment:create_file_with_runtime_dependencies(/home/rj/rover_bot/install/rover_controller/share/colcon-core/packages/rover_controller)
[6.519s] Level 1:colcon.colcon_core.environment:create_environment_scripts_only(rover_controller)
[6.519s] Level 1:colcon.colcon_core.environment:checking '/home/rj/rover_bot/install/rover_controller' for CMake module files
[6.520s] Level 1:colcon.colcon_core.environment:checking '/home/rj/rover_bot/install/rover_controller' for CMake config files
[6.520s] Level 1:colcon.colcon_core.shell:create_environment_hook('rover_controller', 'cmake_prefix_path')
[6.520s] INFO:colcon.colcon_core.shell:Creating environment hook '/home/rj/rover_bot/install/rover_controller/share/rover_controller/hook/cmake_prefix_path.ps1'
[6.520s] INFO:colcon.colcon_core.shell:Creating environment descriptor '/home/rj/rover_bot/install/rover_controller/share/rover_controller/hook/cmake_prefix_path.dsv'
[6.521s] INFO:colcon.colcon_core.shell:Creating environment hook '/home/rj/rover_bot/install/rover_controller/share/rover_controller/hook/cmake_prefix_path.sh'
[6.521s] Level 1:colcon.colcon_core.environment:checking '/home/rj/rover_bot/install/rover_controller/lib'
[6.521s] Level 1:colcon.colcon_core.environment:checking '/home/rj/rover_bot/install/rover_controller/bin'
[6.521s] Level 1:colcon.colcon_core.environment:checking '/home/rj/rover_bot/install/rover_controller/lib/pkgconfig/rover_controller.pc'
[6.521s] Level 1:colcon.colcon_core.environment:checking '/home/rj/rover_bot/install/rover_controller/lib/python3.10/site-packages'
[6.521s] Level 1:colcon.colcon_core.environment:checking '/home/rj/rover_bot/install/rover_controller/bin'
[6.522s] INFO:colcon.colcon_core.shell:Creating package script '/home/rj/rover_bot/install/rover_controller/share/rover_controller/package.ps1'
[6.522s] INFO:colcon.colcon_core.shell:Creating package descriptor '/home/rj/rover_bot/install/rover_controller/share/rover_controller/package.dsv'
[6.522s] INFO:colcon.colcon_core.shell:Creating package script '/home/rj/rover_bot/install/rover_controller/share/rover_controller/package.sh'
[6.523s] INFO:colcon.colcon_core.shell:Creating package script '/home/rj/rover_bot/install/rover_controller/share/rover_controller/package.bash'
[6.523s] INFO:colcon.colcon_core.shell:Creating package script '/home/rj/rover_bot/install/rover_controller/share/rover_controller/package.zsh'
[6.523s] Level 1:colcon.colcon_core.environment:create_file_with_runtime_dependencies(/home/rj/rover_bot/install/rover_controller/share/colcon-core/packages/rover_controller)
[6.524s] DEBUG:colcon.colcon_parallel_executor.executor.parallel:closing loop
[6.524s] DEBUG:colcon.colcon_parallel_executor.executor.parallel:loop closed
[6.524s] DEBUG:colcon.colcon_parallel_executor.executor.parallel:run_until_complete finished with '0'
[6.524s] DEBUG:colcon.colcon_core.event_reactor:joining thread
[6.528s] INFO:colcon.colcon_core.plugin_system:Skipping extension 'colcon_notification.desktop_notification.terminal_notifier': Not used on non-Darwin systems
[6.529s] INFO:colcon.colcon_core.plugin_system:Skipping extension 'colcon_notification.desktop_notification.win32': Not used on non-Windows systems
[6.529s] INFO:colcon.colcon_notification.desktop_notification:Sending desktop notification using 'notify2'
[6.540s] DEBUG:colcon.colcon_core.event_reactor:joined thread
[6.540s] INFO:colcon.colcon_core.shell:Creating prefix script '/home/rj/rover_bot/install/local_setup.ps1'
[6.541s] INFO:colcon.colcon_core.shell:Creating prefix util module '/home/rj/rover_bot/install/_local_setup_util_ps1.py'
[6.542s] INFO:colcon.colcon_core.shell:Creating prefix chain script '/home/rj/rover_bot/install/setup.ps1'
[6.543s] INFO:colcon.colcon_core.shell:Creating prefix script '/home/rj/rover_bot/install/local_setup.sh'
[6.543s] INFO:colcon.colcon_core.shell:Creating prefix util module '/home/rj/rover_bot/install/_local_setup_util_sh.py'
[6.544s] INFO:colcon.colcon_core.shell:Creating prefix chain script '/home/rj/rover_bot/install/setup.sh'
[6.545s] INFO:colcon.colcon_core.shell:Creating prefix script '/home/rj/rover_bot/install/local_setup.bash'
[6.545s] INFO:colcon.colcon_core.shell:Creating prefix chain script '/home/rj/rover_bot/install/setup.bash'
[6.545s] INFO:colcon.colcon_core.shell:Creating prefix script '/home/rj/rover_bot/install/local_setup.zsh'
[6.546s] INFO:colcon.colcon_core.shell:Creating prefix chain script '/home/rj/rover_bot/install/setup.zsh'
