[0.066s] DEBUG:colcon:Command line arguments: ['/usr/bin/colcon', 'build']
[0.066s] DEBUG:colcon:Parsed command line arguments: Namespace(log_base=None, log_level=None, verb_name='build', build_base='build', install_base='install', merge_install=False, symlink_install=False, test_result_base=None, continue_on_error=False, executor='parallel', parallel_workers=24, event_handlers=None, ignore_user_meta=False, metas=['./colcon.meta'], base_paths=['.'], packages_ignore=None, packages_ignore_regex=None, paths=None, packages_up_to=None, packages_up_to_regex=None, packages_above=None, packages_above_and_dependencies=None, packages_above_depth=None, packages_select_by_dep=None, packages_skip_by_dep=None, packages_skip_up_to=None, packages_select_build_failed=False, packages_skip_build_finished=False, packages_select_test_failures=False, packages_skip_test_passed=False, packages_select=None, packages_skip=None, packages_select_regex=None, packages_skip_regex=None, packages_start=None, packages_end=None, allow_overriding=[], cmake_args=None, cmake_target=None, cmake_target_skip_unavailable=False, cmake_clean_cache=False, cmake_clean_first=False, cmake_force_configure=False, ament_cmake_args=None, catkin_cmake_args=None, catkin_skip_building_tests=False, verb_parser=<colcon_defaults.argument_parser.defaults.DefaultArgumentsDecorator object at 0x70be1975de40>, verb_extension=<colcon_core.verb.build.BuildVerb object at 0x70be1975d840>, main=<bound method BuildVerb.main of <colcon_core.verb.build.BuildVerb object at 0x70be1975d840>>)
[0.218s] Level 1:colcon.colcon_core.package_discovery:discover_packages(colcon_meta) check parameters
[0.218s] Level 1:colcon.colcon_core.package_discovery:discover_packages(recursive) check parameters
[0.218s] Level 1:colcon.colcon_core.package_discovery:discover_packages(ignore) check parameters
[0.218s] Level 1:colcon.colcon_core.package_discovery:discover_packages(path) check parameters
[0.218s] Level 1:colcon.colcon_core.package_discovery:discover_packages(colcon_meta) discover
[0.218s] Level 1:colcon.colcon_core.package_discovery:discover_packages(recursive) discover
[0.218s] INFO:colcon.colcon_core.package_discovery:Crawling recursively for packages in '/home/rj/rover_bot'
[0.218s] Level 1:colcon.colcon_core.package_identification:_identify(.) by extensions ['ignore', 'ignore_ament_install']
[0.218s] Level 1:colcon.colcon_core.package_identification:_identify(.) by extension 'ignore'
[0.219s] Level 1:colcon.colcon_core.package_identification:_identify(.) by extension 'ignore_ament_install'
[0.219s] Level 1:colcon.colcon_core.package_identification:_identify(.) by extensions ['colcon_pkg']
[0.219s] Level 1:colcon.colcon_core.package_identification:_identify(.) by extension 'colcon_pkg'
[0.219s] Level 1:colcon.colcon_core.package_identification:_identify(.) by extensions ['colcon_meta']
[0.219s] Level 1:colcon.colcon_core.package_identification:_identify(.) by extension 'colcon_meta'
[0.219s] Level 1:colcon.colcon_core.package_identification:_identify(.) by extensions ['ros']
[0.219s] Level 1:colcon.colcon_core.package_identification:_identify(.) by extension 'ros'
[0.228s] Level 1:colcon.colcon_core.package_identification:_identify(.) by extensions ['cmake', 'python']
[0.228s] Level 1:colcon.colcon_core.package_identification:_identify(.) by extension 'cmake'
[0.228s] Level 1:colcon.colcon_core.package_identification:_identify(.) by extension 'python'
[0.228s] Level 1:colcon.colcon_core.package_identification:_identify(.) by extensions ['python_setup_py']
[0.228s] Level 1:colcon.colcon_core.package_identification:_identify(.) by extension 'python_setup_py'
[0.228s] Level 1:colcon.colcon_core.package_identification:_identify(build) by extensions ['ignore', 'ignore_ament_install']
[0.228s] Level 1:colcon.colcon_core.package_identification:_identify(build) by extension 'ignore'
[0.228s] Level 1:colcon.colcon_core.package_identification:_identify(build) ignored
[0.228s] Level 1:colcon.colcon_core.package_identification:_identify(install) by extensions ['ignore', 'ignore_ament_install']
[0.228s] Level 1:colcon.colcon_core.package_identification:_identify(install) by extension 'ignore'
[0.228s] Level 1:colcon.colcon_core.package_identification:_identify(install) ignored
[0.228s] Level 1:colcon.colcon_core.package_identification:_identify(log) by extensions ['ignore', 'ignore_ament_install']
[0.228s] Level 1:colcon.colcon_core.package_identification:_identify(log) by extension 'ignore'
[0.228s] Level 1:colcon.colcon_core.package_identification:_identify(log) ignored
[0.228s] Level 1:colcon.colcon_core.package_identification:_identify(src) by extensions ['ignore', 'ignore_ament_install']
[0.228s] Level 1:colcon.colcon_core.package_identification:_identify(src) by extension 'ignore'
[0.228s] Level 1:colcon.colcon_core.package_identification:_identify(src) by extension 'ignore_ament_install'
[0.228s] Level 1:colcon.colcon_core.package_identification:_identify(src) by extensions ['colcon_pkg']
[0.228s] Level 1:colcon.colcon_core.package_identification:_identify(src) by extension 'colcon_pkg'
[0.228s] Level 1:colcon.colcon_core.package_identification:_identify(src) by extensions ['colcon_meta']
[0.228s] Level 1:colcon.colcon_core.package_identification:_identify(src) by extension 'colcon_meta'
[0.228s] Level 1:colcon.colcon_core.package_identification:_identify(src) by extensions ['ros']
[0.228s] Level 1:colcon.colcon_core.package_identification:_identify(src) by extension 'ros'
[0.228s] Level 1:colcon.colcon_core.package_identification:_identify(src) by extensions ['cmake', 'python']
[0.228s] Level 1:colcon.colcon_core.package_identification:_identify(src) by extension 'cmake'
[0.228s] Level 1:colcon.colcon_core.package_identification:_identify(src) by extension 'python'
[0.228s] Level 1:colcon.colcon_core.package_identification:_identify(src) by extensions ['python_setup_py']
[0.229s] Level 1:colcon.colcon_core.package_identification:_identify(src) by extension 'python_setup_py'
[0.229s] Level 1:colcon.colcon_core.package_identification:_identify(src/rover_controller) by extensions ['ignore', 'ignore_ament_install']
[0.229s] Level 1:colcon.colcon_core.package_identification:_identify(src/rover_controller) by extension 'ignore'
[0.229s] Level 1:colcon.colcon_core.package_identification:_identify(src/rover_controller) by extension 'ignore_ament_install'
[0.229s] Level 1:colcon.colcon_core.package_identification:_identify(src/rover_controller) by extensions ['colcon_pkg']
[0.229s] Level 1:colcon.colcon_core.package_identification:_identify(src/rover_controller) by extension 'colcon_pkg'
[0.229s] Level 1:colcon.colcon_core.package_identification:_identify(src/rover_controller) by extensions ['colcon_meta']
[0.229s] Level 1:colcon.colcon_core.package_identification:_identify(src/rover_controller) by extension 'colcon_meta'
[0.229s] Level 1:colcon.colcon_core.package_identification:_identify(src/rover_controller) by extensions ['ros']
[0.229s] Level 1:colcon.colcon_core.package_identification:_identify(src/rover_controller) by extension 'ros'
[0.230s] DEBUG:colcon.colcon_core.package_identification:Package 'src/rover_controller' with type 'ros.ament_cmake' and name 'rover_controller'
[0.230s] Level 1:colcon.colcon_core.package_discovery:discover_packages(recursive) using defaults
[0.230s] Level 1:colcon.colcon_core.package_discovery:discover_packages(ignore) discover
[0.230s] Level 1:colcon.colcon_core.package_discovery:discover_packages(ignore) using defaults
[0.230s] Level 1:colcon.colcon_core.package_discovery:discover_packages(path) discover
[0.230s] Level 1:colcon.colcon_core.package_discovery:discover_packages(path) using defaults
[0.243s] Level 1:colcon.colcon_core.package_discovery:discover_packages(prefix_path) check parameters
[0.243s] Level 1:colcon.colcon_core.package_discovery:discover_packages(prefix_path) discover
[0.244s] DEBUG:colcon.colcon_installed_package_information.package_discovery:Found 1 installed packages in /home/rj/rover_bot/install
[0.244s] DEBUG:colcon.colcon_installed_package_information.package_discovery:Found 2 installed packages in /home/rj/ws_rover/install
[0.245s] DEBUG:colcon.colcon_installed_package_information.package_discovery:Found 2 installed packages in /home/rj/ws_rover/src/install
[0.246s] DEBUG:colcon.colcon_installed_package_information.package_discovery:Found 341 installed packages in /opt/ros/humble
[0.246s] Level 1:colcon.colcon_core.package_discovery:discover_packages(prefix_path) using defaults
[0.271s] Level 5:colcon.colcon_core.verb:set package 'rover_controller' build argument 'cmake_args' from command line to 'None'
[0.272s] Level 5:colcon.colcon_core.verb:set package 'rover_controller' build argument 'cmake_target' from command line to 'None'
[0.272s] Level 5:colcon.colcon_core.verb:set package 'rover_controller' build argument 'cmake_target_skip_unavailable' from command line to 'False'
[0.272s] Level 5:colcon.colcon_core.verb:set package 'rover_controller' build argument 'cmake_clean_cache' from command line to 'False'
[0.272s] Level 5:colcon.colcon_core.verb:set package 'rover_controller' build argument 'cmake_clean_first' from command line to 'False'
[0.272s] Level 5:colcon.colcon_core.verb:set package 'rover_controller' build argument 'cmake_force_configure' from command line to 'False'
[0.272s] Level 5:colcon.colcon_core.verb:set package 'rover_controller' build argument 'ament_cmake_args' from command line to 'None'
[0.272s] Level 5:colcon.colcon_core.verb:set package 'rover_controller' build argument 'catkin_cmake_args' from command line to 'None'
[0.272s] Level 5:colcon.colcon_core.verb:set package 'rover_controller' build argument 'catkin_skip_building_tests' from command line to 'False'
[0.272s] DEBUG:colcon.colcon_core.verb:Building package 'rover_controller' with the following arguments: {'ament_cmake_args': None, 'build_base': '/home/rj/rover_bot/build/rover_controller', 'catkin_cmake_args': None, 'catkin_skip_building_tests': False, 'cmake_args': None, 'cmake_clean_cache': False, 'cmake_clean_first': False, 'cmake_force_configure': False, 'cmake_target': None, 'cmake_target_skip_unavailable': False, 'install_base': '/home/rj/rover_bot/install/rover_controller', 'merge_install': False, 'path': '/home/rj/rover_bot/src/rover_controller', 'symlink_install': False, 'test_result_base': None}
[0.272s] INFO:colcon.colcon_core.executor:Executing jobs using 'parallel' executor
[0.273s] DEBUG:colcon.colcon_parallel_executor.executor.parallel:run_until_complete
[0.273s] INFO:colcon.colcon_ros.task.ament_cmake.build:Building ROS package in '/home/rj/rover_bot/src/rover_controller' with build type 'ament_cmake'
[0.273s] INFO:colcon.colcon_cmake.task.cmake.build:Building CMake package in '/home/rj/rover_bot/src/rover_controller'
[0.274s] INFO:colcon.colcon_core.plugin_system:Skipping extension 'colcon_core.shell.bat': Not used on non-Windows systems
[0.274s] INFO:colcon.colcon_core.shell:Skip shell extension 'powershell' for command environment: Not usable outside of PowerShell
[0.274s] DEBUG:colcon.colcon_core.shell:Skip shell extension 'dsv' for command environment
[0.281s] DEBUG:colcon.colcon_core.event_handler.log_command:Invoking command in '/home/rj/rover_bot/build/rover_controller': CMAKE_PREFIX_PATH=${CMAKE_PREFIX_PATH}:/home/rj/ws_rover/install/rover_controller:/home/rj/ws_rover/install/rover_bot:/home/rj/ws_rover/src/install/rover_controller:/opt/ros/humble /usr/bin/cmake --build /home/rj/rover_bot/build/rover_controller -- -j24 -l24
[6.025s] DEBUG:colcon.colcon_core.event_handler.log_command:Invoked command in '/home/rj/rover_bot/build/rover_controller' returned '0': CMAKE_PREFIX_PATH=${CMAKE_PREFIX_PATH}:/home/rj/ws_rover/install/rover_controller:/home/rj/ws_rover/install/rover_bot:/home/rj/ws_rover/src/install/rover_controller:/opt/ros/humble /usr/bin/cmake --build /home/rj/rover_bot/build/rover_controller -- -j24 -l24
[6.037s] DEBUG:colcon.colcon_core.event_handler.log_command:Invoking command in '/home/rj/rover_bot/build/rover_controller': CMAKE_PREFIX_PATH=${CMAKE_PREFIX_PATH}:/home/rj/ws_rover/install/rover_controller:/home/rj/ws_rover/install/rover_bot:/home/rj/ws_rover/src/install/rover_controller:/opt/ros/humble /usr/bin/cmake --install /home/rj/rover_bot/build/rover_controller
[6.061s] Level 1:colcon.colcon_core.environment:create_environment_scripts_only(rover_controller)
[6.062s] DEBUG:colcon.colcon_core.event_handler.log_command:Invoked command in '/home/rj/rover_bot/build/rover_controller' returned '0': CMAKE_PREFIX_PATH=${CMAKE_PREFIX_PATH}:/home/rj/ws_rover/install/rover_controller:/home/rj/ws_rover/install/rover_bot:/home/rj/ws_rover/src/install/rover_controller:/opt/ros/humble /usr/bin/cmake --install /home/rj/rover_bot/build/rover_controller
[6.064s] Level 1:colcon.colcon_core.environment:checking '/home/rj/rover_bot/install/rover_controller' for CMake module files
[6.064s] Level 1:colcon.colcon_core.environment:checking '/home/rj/rover_bot/install/rover_controller' for CMake config files
[6.065s] Level 1:colcon.colcon_core.shell:create_environment_hook('rover_controller', 'cmake_prefix_path')
[6.065s] INFO:colcon.colcon_core.shell:Creating environment hook '/home/rj/rover_bot/install/rover_controller/share/rover_controller/hook/cmake_prefix_path.ps1'
[6.066s] INFO:colcon.colcon_core.shell:Creating environment descriptor '/home/rj/rover_bot/install/rover_controller/share/rover_controller/hook/cmake_prefix_path.dsv'
[6.066s] INFO:colcon.colcon_core.shell:Creating environment hook '/home/rj/rover_bot/install/rover_controller/share/rover_controller/hook/cmake_prefix_path.sh'
[6.067s] Level 1:colcon.colcon_core.environment:checking '/home/rj/rover_bot/install/rover_controller/lib'
[6.067s] Level 1:colcon.colcon_core.environment:checking '/home/rj/rover_bot/install/rover_controller/bin'
[6.067s] Level 1:colcon.colcon_core.environment:checking '/home/rj/rover_bot/install/rover_controller/lib/pkgconfig/rover_controller.pc'
[6.068s] Level 1:colcon.colcon_core.environment:checking '/home/rj/rover_bot/install/rover_controller/lib/python3.10/site-packages'
[6.068s] Level 1:colcon.colcon_core.environment:checking '/home/rj/rover_bot/install/rover_controller/bin'
[6.068s] INFO:colcon.colcon_core.shell:Creating package script '/home/rj/rover_bot/install/rover_controller/share/rover_controller/package.ps1'
[6.069s] INFO:colcon.colcon_core.shell:Creating package descriptor '/home/rj/rover_bot/install/rover_controller/share/rover_controller/package.dsv'
[6.070s] INFO:colcon.colcon_core.shell:Creating package script '/home/rj/rover_bot/install/rover_controller/share/rover_controller/package.sh'
[6.070s] INFO:colcon.colcon_core.shell:Creating package script '/home/rj/rover_bot/install/rover_controller/share/rover_controller/package.bash'
[6.071s] INFO:colcon.colcon_core.shell:Creating package script '/home/rj/rover_bot/install/rover_controller/share/rover_controller/package.zsh'
[6.072s] Level 1:colcon.colcon_core.environment:create_file_with_runtime_dependencies(/home/rj/rover_bot/install/rover_controller/share/colcon-core/packages/rover_controller)
[6.072s] Level 1:colcon.colcon_core.environment:create_environment_scripts_only(rover_controller)
[6.072s] Level 1:colcon.colcon_core.environment:checking '/home/rj/rover_bot/install/rover_controller' for CMake module files
[6.073s] Level 1:colcon.colcon_core.environment:checking '/home/rj/rover_bot/install/rover_controller' for CMake config files
[6.073s] Level 1:colcon.colcon_core.shell:create_environment_hook('rover_controller', 'cmake_prefix_path')
[6.073s] INFO:colcon.colcon_core.shell:Creating environment hook '/home/rj/rover_bot/install/rover_controller/share/rover_controller/hook/cmake_prefix_path.ps1'
[6.073s] INFO:colcon.colcon_core.shell:Creating environment descriptor '/home/rj/rover_bot/install/rover_controller/share/rover_controller/hook/cmake_prefix_path.dsv'
[6.073s] INFO:colcon.colcon_core.shell:Creating environment hook '/home/rj/rover_bot/install/rover_controller/share/rover_controller/hook/cmake_prefix_path.sh'
[6.074s] Level 1:colcon.colcon_core.environment:checking '/home/rj/rover_bot/install/rover_controller/lib'
[6.074s] Level 1:colcon.colcon_core.environment:checking '/home/rj/rover_bot/install/rover_controller/bin'
[6.074s] Level 1:colcon.colcon_core.environment:checking '/home/rj/rover_bot/install/rover_controller/lib/pkgconfig/rover_controller.pc'
[6.074s] Level 1:colcon.colcon_core.environment:checking '/home/rj/rover_bot/install/rover_controller/lib/python3.10/site-packages'
[6.074s] Level 1:colcon.colcon_core.environment:checking '/home/rj/rover_bot/install/rover_controller/bin'
[6.074s] INFO:colcon.colcon_core.shell:Creating package script '/home/rj/rover_bot/install/rover_controller/share/rover_controller/package.ps1'
[6.074s] INFO:colcon.colcon_core.shell:Creating package descriptor '/home/rj/rover_bot/install/rover_controller/share/rover_controller/package.dsv'
[6.075s] INFO:colcon.colcon_core.shell:Creating package script '/home/rj/rover_bot/install/rover_controller/share/rover_controller/package.sh'
[6.075s] INFO:colcon.colcon_core.shell:Creating package script '/home/rj/rover_bot/install/rover_controller/share/rover_controller/package.bash'
[6.075s] INFO:colcon.colcon_core.shell:Creating package script '/home/rj/rover_bot/install/rover_controller/share/rover_controller/package.zsh'
[6.076s] Level 1:colcon.colcon_core.environment:create_file_with_runtime_dependencies(/home/rj/rover_bot/install/rover_controller/share/colcon-core/packages/rover_controller)
[6.076s] DEBUG:colcon.colcon_parallel_executor.executor.parallel:closing loop
[6.076s] DEBUG:colcon.colcon_parallel_executor.executor.parallel:loop closed
[6.076s] DEBUG:colcon.colcon_parallel_executor.executor.parallel:run_until_complete finished with '0'
[6.076s] DEBUG:colcon.colcon_core.event_reactor:joining thread
[6.080s] INFO:colcon.colcon_core.plugin_system:Skipping extension 'colcon_notification.desktop_notification.terminal_notifier': Not used on non-Darwin systems
[6.080s] INFO:colcon.colcon_core.plugin_system:Skipping extension 'colcon_notification.desktop_notification.win32': Not used on non-Windows systems
[6.080s] INFO:colcon.colcon_notification.desktop_notification:Sending desktop notification using 'notify2'
[6.091s] DEBUG:colcon.colcon_core.event_reactor:joined thread
[6.092s] INFO:colcon.colcon_core.shell:Creating prefix script '/home/rj/rover_bot/install/local_setup.ps1'
[6.093s] INFO:colcon.colcon_core.shell:Creating prefix util module '/home/rj/rover_bot/install/_local_setup_util_ps1.py'
[6.096s] INFO:colcon.colcon_core.shell:Creating prefix chain script '/home/rj/rover_bot/install/setup.ps1'
[6.097s] INFO:colcon.colcon_core.shell:Creating prefix script '/home/rj/rover_bot/install/local_setup.sh'
[6.098s] INFO:colcon.colcon_core.shell:Creating prefix util module '/home/rj/rover_bot/install/_local_setup_util_sh.py'
[6.099s] INFO:colcon.colcon_core.shell:Creating prefix chain script '/home/rj/rover_bot/install/setup.sh'
[6.101s] INFO:colcon.colcon_core.shell:Creating prefix script '/home/rj/rover_bot/install/local_setup.bash'
[6.102s] INFO:colcon.colcon_core.shell:Creating prefix chain script '/home/rj/rover_bot/install/setup.bash'
[6.103s] INFO:colcon.colcon_core.shell:Creating prefix script '/home/rj/rover_bot/install/local_setup.zsh'
[6.104s] INFO:colcon.colcon_core.shell:Creating prefix chain script '/home/rj/rover_bot/install/setup.zsh'
