[35m[1mConsolidate compiler generated dependencies of target proximity_warning[0m
[35m[1mConsolidate compiler generated dependencies of target lidar_processor[0m
[ 16%] [32mBuilding CXX object CMakeFiles/emergency_stop.dir/src/emergency_stop.cpp.o[0m
[ 33%] [32mBuilding CXX object CMakeFiles/proximity_warning.dir/src/proximity_warning.cpp.o[0m
[ 50%] [32mBuilding CXX object CMakeFiles/lidar_processor.dir/src/lidar_processor.cpp.o[0m
[ 66%] [32m[1mLinking CXX executable emergency_stop[0m
[ 83%] [32m[1mLinking CXX executable proximity_warning[0m
[100%] [32m[1mLinking CXX executable lidar_processor[0m
[100%] Built target emergency_stop
[100%] Built target proximity_warning
[100%] Built target lidar_processor
-- Install configuration: ""
-- Installing: /home/rj/rover_bot/install/rover_controller/lib/rover_controller/lidar_processor
-- Set runtime path of "/home/rj/rover_bot/install/rover_controller/lib/rover_controller/lidar_processor" to ""
-- Installing: /home/rj/rover_bot/install/rover_controller/lib/rover_controller/proximity_warning
-- Set runtime path of "/home/rj/rover_bot/install/rover_controller/lib/rover_controller/proximity_warning" to ""
-- Installing: /home/rj/rover_bot/install/rover_controller/lib/rover_controller/emergency_stop
-- Set runtime path of "/home/rj/rover_bot/install/rover_controller/lib/rover_controller/emergency_stop" to ""
-- Up-to-date: /home/rj/rover_bot/install/rover_controller/share/rover_controller/launch
-- Up-to-date: /home/rj/rover_bot/install/rover_controller/share/rover_controller/launch/gazebo_rviz.launch.py
-- Up-to-date: /home/rj/rover_bot/install/rover_controller/share/rover_controller/launch/launch_nodes.launch.py
-- Up-to-date: /home/rj/rover_bot/install/rover_controller/share/rover_controller/model
-- Up-to-date: /home/rj/rover_bot/install/rover_controller/share/rover_controller/model/robot.gazebo
-- Up-to-date: /home/rj/rover_bot/install/rover_controller/share/rover_controller/model/empty_world.world
-- Up-to-date: /home/rj/rover_bot/install/rover_controller/share/rover_controller/model/robot.xacro
-- Up-to-date: /home/rj/rover_bot/install/rover_controller/share/rover_controller/rviz
-- Up-to-date: /home/rj/rover_bot/install/rover_controller/share/rover_controller/rviz/rover_task_lidar_camera.rviz
-- Up-to-date: /home/rj/rover_bot/install/rover_controller/share/ament_index/resource_index/package_run_dependencies/rover_controller
-- Up-to-date: /home/rj/rover_bot/install/rover_controller/share/ament_index/resource_index/parent_prefix_path/rover_controller
-- Up-to-date: /home/rj/rover_bot/install/rover_controller/share/rover_controller/environment/ament_prefix_path.sh
-- Up-to-date: /home/rj/rover_bot/install/rover_controller/share/rover_controller/environment/ament_prefix_path.dsv
-- Up-to-date: /home/rj/rover_bot/install/rover_controller/share/rover_controller/environment/path.sh
-- Up-to-date: /home/rj/rover_bot/install/rover_controller/share/rover_controller/environment/path.dsv
-- Up-to-date: /home/rj/rover_bot/install/rover_controller/share/rover_controller/local_setup.bash
-- Up-to-date: /home/rj/rover_bot/install/rover_controller/share/rover_controller/local_setup.sh
-- Up-to-date: /home/rj/rover_bot/install/rover_controller/share/rover_controller/local_setup.zsh
-- Up-to-date: /home/rj/rover_bot/install/rover_controller/share/rover_controller/local_setup.dsv
-- Installing: /home/rj/rover_bot/install/rover_controller/share/rover_controller/package.dsv
-- Up-to-date: /home/rj/rover_bot/install/rover_controller/share/ament_index/resource_index/packages/rover_controller
-- Up-to-date: /home/rj/rover_bot/install/rover_controller/share/rover_controller/cmake/rover_controllerConfig.cmake
-- Up-to-date: /home/rj/rover_bot/install/rover_controller/share/rover_controller/cmake/rover_controllerConfig-version.cmake
-- Up-to-date: /home/rj/rover_bot/install/rover_controller/share/rover_controller/package.xml
