[0.008s] Invoking command in '/home/rj/rover_bot/build/rover_controller': CMAKE_PREFIX_PATH=${CMAKE_PREFIX_PATH}:/opt/ros/humble /usr/bin/cmake --build /home/rj/rover_bot/build/rover_controller -- -j24 -l24
[0.050s] [ 25%] Built target lidar_processor
[0.052s] [ 50%] Built target proximity_warning
[0.052s] [ 75%] Built target emergency_stop
[0.054s] [ 87%] [32mBuilding CXX object CMakeFiles/orange_cone.dir/src/orange_cone.cpp.o[0m
[5.906s] [100%] [32m[1mLinking CXX executable orange_cone[0m
[6.384s] [100%] Built target orange_cone
[6.397s] Invoked command in '/home/rj/rover_bot/build/rover_controller' returned '0': CMAKE_PREFIX_PATH=${CMAKE_PREFIX_PATH}:/opt/ros/humble /usr/bin/cmake --build /home/rj/rover_bot/build/rover_controller -- -j24 -l24
[6.408s] Invoking command in '/home/rj/rover_bot/build/rover_controller': CMAKE_PREFIX_PATH=${CMAKE_PREFIX_PATH}:/opt/ros/humble /usr/bin/cmake --install /home/rj/rover_bot/build/rover_controller
[6.415s] -- Install configuration: ""
[6.415s] -- Up-to-date: /home/rj/rover_bot/install/rover_controller/lib/rover_controller/lidar_processor
[6.415s] -- Up-to-date: /home/rj/rover_bot/install/rover_controller/lib/rover_controller/proximity_warning
[6.415s] -- Up-to-date: /home/rj/rover_bot/install/rover_controller/lib/rover_controller/emergency_stop
[6.415s] -- Installing: /home/rj/rover_bot/install/rover_controller/lib/rover_controller/orange_cone
[6.419s] -- Set runtime path of "/home/rj/rover_bot/install/rover_controller/lib/rover_controller/orange_cone" to ""
[6.419s] -- Up-to-date: /home/rj/rover_bot/install/rover_controller/share/rover_controller/launch
[6.419s] -- Up-to-date: /home/rj/rover_bot/install/rover_controller/share/rover_controller/launch/gazebo_rviz.launch.py
[6.419s] -- Up-to-date: /home/rj/rover_bot/install/rover_controller/share/rover_controller/launch/launch_nodes.launch.py
[6.419s] -- Up-to-date: /home/rj/rover_bot/install/rover_controller/share/rover_controller/model
[6.419s] -- Up-to-date: /home/rj/rover_bot/install/rover_controller/share/rover_controller/model/robot.gazebo
[6.420s] -- Up-to-date: /home/rj/rover_bot/install/rover_controller/share/rover_controller/model/empty_world.world
[6.420s] -- Up-to-date: /home/rj/rover_bot/install/rover_controller/share/rover_controller/model/robot.xacro
[6.420s] -- Up-to-date: /home/rj/rover_bot/install/rover_controller/share/rover_controller/rviz
[6.420s] -- Up-to-date: /home/rj/rover_bot/install/rover_controller/share/rover_controller/rviz/rover_task_lidar_camera.rviz
[6.420s] -- Up-to-date: /home/rj/rover_bot/install/rover_controller/share/ament_index/resource_index/package_run_dependencies/rover_controller
[6.420s] -- Up-to-date: /home/rj/rover_bot/install/rover_controller/share/ament_index/resource_index/parent_prefix_path/rover_controller
[6.420s] -- Up-to-date: /home/rj/rover_bot/install/rover_controller/share/rover_controller/environment/ament_prefix_path.sh
[6.420s] -- Up-to-date: /home/rj/rover_bot/install/rover_controller/share/rover_controller/environment/ament_prefix_path.dsv
[6.420s] -- Up-to-date: /home/rj/rover_bot/install/rover_controller/share/rover_controller/environment/path.sh
[6.420s] -- Up-to-date: /home/rj/rover_bot/install/rover_controller/share/rover_controller/environment/path.dsv
[6.420s] -- Up-to-date: /home/rj/rover_bot/install/rover_controller/share/rover_controller/local_setup.bash
[6.420s] -- Up-to-date: /home/rj/rover_bot/install/rover_controller/share/rover_controller/local_setup.sh
[6.420s] -- Up-to-date: /home/rj/rover_bot/install/rover_controller/share/rover_controller/local_setup.zsh
[6.420s] -- Up-to-date: /home/rj/rover_bot/install/rover_controller/share/rover_controller/local_setup.dsv
[6.420s] -- Installing: /home/rj/rover_bot/install/rover_controller/share/rover_controller/package.dsv
[6.420s] -- Up-to-date: /home/rj/rover_bot/install/rover_controller/share/ament_index/resource_index/packages/rover_controller
[6.420s] -- Up-to-date: /home/rj/rover_bot/install/rover_controller/share/rover_controller/cmake/rover_controllerConfig.cmake
[6.420s] -- Up-to-date: /home/rj/rover_bot/install/rover_controller/share/rover_controller/cmake/rover_controllerConfig-version.cmake
[6.420s] -- Up-to-date: /home/rj/rover_bot/install/rover_controller/share/rover_controller/package.xml
[6.422s] Invoked command in '/home/rj/rover_bot/build/rover_controller' returned '0': CMAKE_PREFIX_PATH=${CMAKE_PREFIX_PATH}:/opt/ros/humble /usr/bin/cmake --install /home/rj/rover_bot/build/rover_controller
