[ 25%] Built target proximity_warning
[ 50%] Built target lidar_processor
[ 75%] Built target emergency_stop
[100%] Built target orange_cone
-- Install configuration: ""
-- Up-to-date: /home/rj/rover_bot/install/rover_controller/lib/rover_controller/lidar_processor
-- Up-to-date: /home/rj/rover_bot/install/rover_controller/lib/rover_controller/proximity_warning
-- Up-to-date: /home/rj/rover_bot/install/rover_controller/lib/rover_controller/emergency_stop
-- Up-to-date: /home/rj/rover_bot/install/rover_controller/lib/rover_controller/orange_cone
-- Up-to-date: /home/rj/rover_bot/install/rover_controller/share/rover_controller/launch
-- Up-to-date: /home/rj/rover_bot/install/rover_controller/share/rover_controller/launch/gazebo_rviz.launch.py
-- Up-to-date: /home/rj/rover_bot/install/rover_controller/share/rover_controller/launch/launch_nodes.launch.py
-- Up-to-date: /home/rj/rover_bot/install/rover_controller/share/rover_controller/model
-- Up-to-date: /home/rj/rover_bot/install/rover_controller/share/rover_controller/model/robot.gazebo
-- Up-to-date: /home/rj/rover_bot/install/rover_controller/share/rover_controller/model/empty_world.world
-- Up-to-date: /home/rj/rover_bot/install/rover_controller/share/rover_controller/model/robot.xacro
-- Up-to-date: /home/rj/rover_bot/install/rover_controller/share/rover_controller/rviz
-- Up-to-date: /home/rj/rover_bot/install/rover_controller/share/rover_controller/rviz/rover_task_lidar_camera.rviz
-- Up-to-date: /home/rj/rover_bot/install/rover_controller/share/ament_index/resource_index/package_run_dependencies/rover_controller
-- Up-to-date: /home/rj/rover_bot/install/rover_controller/share/ament_index/resource_index/parent_prefix_path/rover_controller
-- Up-to-date: /home/rj/rover_bot/install/rover_controller/share/rover_controller/environment/ament_prefix_path.sh
-- Up-to-date: /home/rj/rover_bot/install/rover_controller/share/rover_controller/environment/ament_prefix_path.dsv
-- Up-to-date: /home/rj/rover_bot/install/rover_controller/share/rover_controller/environment/path.sh
-- Up-to-date: /home/rj/rover_bot/install/rover_controller/share/rover_controller/environment/path.dsv
-- Up-to-date: /home/rj/rover_bot/install/rover_controller/share/rover_controller/local_setup.bash
-- Up-to-date: /home/rj/rover_bot/install/rover_controller/share/rover_controller/local_setup.sh
-- Up-to-date: /home/rj/rover_bot/install/rover_controller/share/rover_controller/local_setup.zsh
-- Up-to-date: /home/rj/rover_bot/install/rover_controller/share/rover_controller/local_setup.dsv
-- Installing: /home/rj/rover_bot/install/rover_controller/share/rover_controller/package.dsv
-- Up-to-date: /home/rj/rover_bot/install/rover_controller/share/ament_index/resource_index/packages/rover_controller
-- Up-to-date: /home/rj/rover_bot/install/rover_controller/share/rover_controller/cmake/rover_controllerConfig.cmake
-- Up-to-date: /home/rj/rover_bot/install/rover_controller/share/rover_controller/cmake/rover_controllerConfig-version.cmake
-- Up-to-date: /home/rj/rover_bot/install/rover_controller/share/rover_controller/package.xml
