[0.007s] Invoking command in '/home/rj/rover_bot/build/rover_controller': CMAKE_PREFIX_PATH=${CMAKE_PREFIX_PATH}:/opt/ros/humble /usr/bin/cmake --build /home/rj/rover_bot/build/rover_controller -- -j24 -l24
[0.027s] -- Found ament_cmake: 1.3.11 (/opt/ros/humble/share/ament_cmake/cmake)
[0.112s] -- Found rclcpp: 16.0.12 (/opt/ros/humble/share/rclcpp/cmake)
[0.131s] -- Found rosidl_generator_c: 3.1.6 (/opt/ros/humble/share/rosidl_generator_c/cmake)
[0.132s] -- Found rosidl_adapter: 3.1.6 (/opt/ros/humble/share/rosidl_adapter/cmake)
[0.136s] -- Found rosidl_generator_cpp: 3.1.6 (/opt/ros/humble/share/rosidl_generator_cpp/cmake)
[0.142s] -- Using all available rosidl_typesupport_c: rosidl_typesupport_fastrtps_c;rosidl_typesupport_introspection_c
[0.150s] -- Using all available rosidl_typesupport_cpp: rosidl_typesupport_fastrtps_cpp;rosidl_typesupport_introspection_cpp
[0.170s] -- Found rmw_implementation_cmake: 6.1.2 (/opt/ros/humble/share/rmw_implementation_cmake/cmake)
[0.171s] -- Found rmw_fastrtps_cpp: 6.2.7 (/opt/ros/humble/share/rmw_fastrtps_cpp/cmake)
[0.239s] -- Using RMW implementation 'rmw_fastrtps_cpp' as default
[0.270s] -- Found sensor_msgs: 4.8.0 (/opt/ros/humble/share/sensor_msgs/cmake)
[0.293s] -- Found cv_bridge: 3.2.1 (/opt/ros/humble/share/cv_bridge/cmake)
[0.296s] [31mCMake Error at CMakeLists.txt:38 (install):
[0.296s]   install TARGETS given target "proximity_warning" which does not exist.
[0.296s] 
[0.296s] [0m
[0.296s] -- Found ament_lint_auto: 0.12.12 (/opt/ros/humble/share/ament_lint_auto/cmake)
[0.340s] -- Added test 'cppcheck' to perform static code analysis on C / C++ code
[0.340s] -- Configured cppcheck include dirs: 
[0.341s] -- Configured cppcheck exclude dirs and/or files: 
[0.341s] -- Added test 'flake8' to check Python code syntax and style conventions
[0.341s] -- Added test 'lint_cmake' to check CMake code style
[0.341s] -- Added test 'pep257' to check Python code against some of the docstring style conventions in PEP 257
[0.342s] -- Added test 'uncrustify' to check C / C++ code style
[0.342s] -- Configured uncrustify additional arguments: 
[0.342s] -- Added test 'xmllint' to check XML markup files
[0.342s] -- Configuring incomplete, errors occurred!
[0.342s] See also "/home/rj/rover_bot/build/rover_controller/CMakeFiles/CMakeOutput.log".
[0.347s] gmake: *** [Makefile:390: cmake_check_build_system] Error 1
[0.350s] Invoked command in '/home/rj/rover_bot/build/rover_controller' returned '2': CMAKE_PREFIX_PATH=${CMAKE_PREFIX_PATH}:/opt/ros/humble /usr/bin/cmake --build /home/rj/rover_bot/build/rover_controller -- -j24 -l24
