[0.008s] Invoking command in '/home/rj/rover_bot/build/rover_controller': CMAKE_PREFIX_PATH=/opt/ros/humble /usr/bin/cmake --build /home/rj/rover_bot/build/rover_controller -- -j24 -l24
[0.058s] -- Found ament_cmake: 1.3.11 (/opt/ros/humble/share/ament_cmake/cmake)
[0.162s] -- Found rclcpp: 16.0.12 (/opt/ros/humble/share/rclcpp/cmake)
[0.189s] -- Found rosidl_generator_c: 3.1.6 (/opt/ros/humble/share/rosidl_generator_c/cmake)
[0.191s] -- Found rosidl_adapter: 3.1.6 (/opt/ros/humble/share/rosidl_adapter/cmake)
[0.197s] -- Found rosidl_generator_cpp: 3.1.6 (/opt/ros/humble/share/rosidl_generator_cpp/cmake)
[0.206s] -- Using all available rosidl_typesupport_c: rosidl_typesupport_fastrtps_c;rosidl_typesupport_introspection_c
[0.216s] -- Using all available rosidl_typesupport_cpp: rosidl_typesupport_fastrtps_cpp;rosidl_typesupport_introspection_cpp
[0.244s] -- Found rmw_implementation_cmake: 6.1.2 (/opt/ros/humble/share/rmw_implementation_cmake/cmake)
[0.246s] -- Found rmw_fastrtps_cpp: 6.2.7 (/opt/ros/humble/share/rmw_fastrtps_cpp/cmake)
[0.329s] -- Using RMW implementation 'rmw_fastrtps_cpp' as default
[0.380s] -- Found sensor_msgs: 4.8.0 (/opt/ros/humble/share/sensor_msgs/cmake)
[0.408s] -- Found OpenCV: /usr (found version "4.5.4") 
[0.409s] -- Found cv_bridge: 3.2.1 (/opt/ros/humble/share/cv_bridge/cmake)
[0.414s] -- Found ament_lint_auto: 0.12.12 (/opt/ros/humble/share/ament_lint_auto/cmake)
[0.463s] -- Added test 'cppcheck' to perform static code analysis on C / C++ code
[0.464s] -- Configured cppcheck include dirs: 
[0.464s] -- Configured cppcheck exclude dirs and/or files: 
[0.464s] -- Added test 'flake8' to check Python code syntax and style conventions
[0.464s] -- Added test 'lint_cmake' to check CMake code style
[0.465s] -- Added test 'pep257' to check Python code against some of the docstring style conventions in PEP 257
[0.465s] -- Added test 'uncrustify' to check C / C++ code style
[0.465s] -- Configured uncrustify additional arguments: 
[0.466s] -- Added test 'xmllint' to check XML markup files
[0.467s] -- Configuring done
[0.482s] -- Generating done
[0.487s] -- Build files have been written to: /home/rj/rover_bot/build/rover_controller
[0.509s] [35m[1mConsolidate compiler generated dependencies of target lidar_processor[0m
[0.509s] [35m[1mConsolidate compiler generated dependencies of target proximity_warning[0m
[0.509s] [35m[1mConsolidate compiler generated dependencies of target emergency_stop[0m
[0.514s] [ 12%] [32mBuilding CXX object CMakeFiles/orange_cone.dir/src/orange_cone.cpp.o[0m
[0.534s] [ 87%] Built target emergency_stop
[0.534s] [ 87%] Built target proximity_warning
[0.534s] [ 87%] Built target lidar_processor
[6.132s] [100%] [32m[1mLinking CXX executable orange_cone[0m
[6.649s] [100%] Built target orange_cone
[6.661s] Invoked command in '/home/rj/rover_bot/build/rover_controller' returned '0': CMAKE_PREFIX_PATH=/opt/ros/humble /usr/bin/cmake --build /home/rj/rover_bot/build/rover_controller -- -j24 -l24
[6.671s] Invoking command in '/home/rj/rover_bot/build/rover_controller': CMAKE_PREFIX_PATH=/opt/ros/humble /usr/bin/cmake --install /home/rj/rover_bot/build/rover_controller
[6.677s] -- Install configuration: ""
[6.678s] -- Up-to-date: /home/rj/rover_bot/install/rover_controller/lib/rover_controller/lidar_processor
[6.679s] -- Up-to-date: /home/rj/rover_bot/install/rover_controller/lib/rover_controller/proximity_warning
[6.679s] -- Up-to-date: /home/rj/rover_bot/install/rover_controller/lib/rover_controller/emergency_stop
[6.679s] -- Installing: /home/rj/rover_bot/install/rover_controller/lib/rover_controller/orange_cone
[6.684s] -- Set runtime path of "/home/rj/rover_bot/install/rover_controller/lib/rover_controller/orange_cone" to ""
[6.684s] -- Up-to-date: /home/rj/rover_bot/install/rover_controller/share/rover_controller/launch
[6.684s] -- Up-to-date: /home/rj/rover_bot/install/rover_controller/share/rover_controller/launch/gazebo_rviz.launch.py
[6.684s] -- Installing: /home/rj/rover_bot/install/rover_controller/share/rover_controller/launch/launch_nodes.launch.py
[6.685s] -- Up-to-date: /home/rj/rover_bot/install/rover_controller/share/rover_controller/model
[6.685s] -- Up-to-date: /home/rj/rover_bot/install/rover_controller/share/rover_controller/model/robot.gazebo
[6.685s] -- Installing: /home/rj/rover_bot/install/rover_controller/share/rover_controller/model/empty_world.world
[6.685s] -- Up-to-date: /home/rj/rover_bot/install/rover_controller/share/rover_controller/model/robot.xacro
[6.685s] -- Up-to-date: /home/rj/rover_bot/install/rover_controller/share/rover_controller/rviz
[6.685s] -- Up-to-date: /home/rj/rover_bot/install/rover_controller/share/rover_controller/rviz/rover_task_lidar_camera.rviz
[6.685s] -- Up-to-date: /home/rj/rover_bot/install/rover_controller/share/ament_index/resource_index/package_run_dependencies/rover_controller
[6.685s] -- Installing: /home/rj/rover_bot/install/rover_controller/share/ament_index/resource_index/parent_prefix_path/rover_controller
[6.686s] -- Up-to-date: /home/rj/rover_bot/install/rover_controller/share/rover_controller/environment/ament_prefix_path.sh
[6.686s] -- Installing: /home/rj/rover_bot/install/rover_controller/share/rover_controller/environment/ament_prefix_path.dsv
[6.686s] -- Up-to-date: /home/rj/rover_bot/install/rover_controller/share/rover_controller/environment/path.sh
[6.686s] -- Installing: /home/rj/rover_bot/install/rover_controller/share/rover_controller/environment/path.dsv
[6.686s] -- Up-to-date: /home/rj/rover_bot/install/rover_controller/share/rover_controller/local_setup.bash
[6.686s] -- Up-to-date: /home/rj/rover_bot/install/rover_controller/share/rover_controller/local_setup.sh
[6.686s] -- Up-to-date: /home/rj/rover_bot/install/rover_controller/share/rover_controller/local_setup.zsh
[6.686s] -- Installing: /home/rj/rover_bot/install/rover_controller/share/rover_controller/local_setup.dsv
[6.686s] -- Installing: /home/rj/rover_bot/install/rover_controller/share/rover_controller/package.dsv
[6.686s] -- Up-to-date: /home/rj/rover_bot/install/rover_controller/share/ament_index/resource_index/packages/rover_controller
[6.686s] -- Up-to-date: /home/rj/rover_bot/install/rover_controller/share/rover_controller/cmake/rover_controllerConfig.cmake
[6.686s] -- Up-to-date: /home/rj/rover_bot/install/rover_controller/share/rover_controller/cmake/rover_controllerConfig-version.cmake
[6.686s] -- Up-to-date: /home/rj/rover_bot/install/rover_controller/share/rover_controller/package.xml
[6.689s] Invoked command in '/home/rj/rover_bot/build/rover_controller' returned '0': CMAKE_PREFIX_PATH=/opt/ros/humble /usr/bin/cmake --install /home/rj/rover_bot/build/rover_controller
