[ 33%] Built target lidar_processor
[ 66%] Built target controller
[ 83%] [32mBuilding CXX object CMakeFiles/cone_detector.dir/src/cone_detector.cpp.o[0m
[01m[K/home/rj/rover_bot/src/rover_controller/src/cone_detector.cpp:[m[K In member function ‘[01m[Kvoid ConeDetector::image_callback(sensor_msgs::msg::Image_<std::allocator<void> >::SharedPtr)[m[K’:
[01m[K/home/rj/rover_bot/src/rover_controller/src/cone_detector.cpp:44:14:[m[K [01;35m[Kwarning: [m[Kvariable ‘[01m[Kdetected[m[K’ set but not used [[01;35m[K]8;;https://gcc.gnu.org/onlinedocs/gcc/Warning-Options.html#index-Wunused-but-set-variable-Wunused-but-set-variable]8;;[m[K]
   44 |         bool [01;35m[Kdetected[m[K = false;
      |              [01;35m[K^~~~~~~~[m[K
[100%] [32m[1mLinking CXX executable cone_detector[0m
[100%] Built target cone_detector
-- Install configuration: ""
-- Up-to-date: /home/rj/rover_bot/install/rover_controller/lib/rover_controller/lidar_processor
-- Up-to-date: /home/rj/rover_bot/install/rover_controller/lib/rover_controller/controller
-- Installing: /home/rj/rover_bot/install/rover_controller/lib/rover_controller/cone_detector
-- Set runtime path of "/home/rj/rover_bot/install/rover_controller/lib/rover_controller/cone_detector" to ""
-- Up-to-date: /home/rj/rover_bot/install/rover_controller/share/rover_controller/launch
-- Up-to-date: /home/rj/rover_bot/install/rover_controller/share/rover_controller/launch/gazebo_rviz.launch.py
-- Up-to-date: /home/rj/rover_bot/install/rover_controller/share/rover_controller/launch/launch_nodes.launch.py
-- Up-to-date: /home/rj/rover_bot/install/rover_controller/share/rover_controller/model
-- Up-to-date: /home/rj/rover_bot/install/rover_controller/share/rover_controller/model/rover_world_with_cones.world
-- Up-to-date: /home/rj/rover_bot/install/rover_controller/share/rover_controller/model/robot.gazebo
-- Up-to-date: /home/rj/rover_bot/install/rover_controller/share/rover_controller/model/empty_world.world
-- Up-to-date: /home/rj/rover_bot/install/rover_controller/share/rover_controller/model/robot.xacro
-- Up-to-date: /home/rj/rover_bot/install/rover_controller/share/rover_controller/rviz
-- Up-to-date: /home/rj/rover_bot/install/rover_controller/share/rover_controller/rviz/rover_task_lidar_camera.rviz
-- Up-to-date: /home/rj/rover_bot/install/rover_controller/share/ament_index/resource_index/package_run_dependencies/rover_controller
-- Up-to-date: /home/rj/rover_bot/install/rover_controller/share/ament_index/resource_index/parent_prefix_path/rover_controller
-- Up-to-date: /home/rj/rover_bot/install/rover_controller/share/rover_controller/environment/ament_prefix_path.sh
-- Up-to-date: /home/rj/rover_bot/install/rover_controller/share/rover_controller/environment/ament_prefix_path.dsv
-- Up-to-date: /home/rj/rover_bot/install/rover_controller/share/rover_controller/environment/path.sh
-- Up-to-date: /home/rj/rover_bot/install/rover_controller/share/rover_controller/environment/path.dsv
-- Up-to-date: /home/rj/rover_bot/install/rover_controller/share/rover_controller/local_setup.bash
-- Up-to-date: /home/rj/rover_bot/install/rover_controller/share/rover_controller/local_setup.sh
-- Up-to-date: /home/rj/rover_bot/install/rover_controller/share/rover_controller/local_setup.zsh
-- Up-to-date: /home/rj/rover_bot/install/rover_controller/share/rover_controller/local_setup.dsv
-- Installing: /home/rj/rover_bot/install/rover_controller/share/rover_controller/package.dsv
-- Up-to-date: /home/rj/rover_bot/install/rover_controller/share/ament_index/resource_index/packages/rover_controller
-- Up-to-date: /home/rj/rover_bot/install/rover_controller/share/rover_controller/cmake/rover_controllerConfig.cmake
-- Up-to-date: /home/rj/rover_bot/install/rover_controller/share/rover_controller/cmake/rover_controllerConfig-version.cmake
-- Up-to-date: /home/rj/rover_bot/install/rover_controller/share/rover_controller/package.xml
