[0.009s] Invoking command in '/home/rj/rover_bot/build/rover_controller': CMAKE_PREFIX_PATH=${CMAKE_PREFIX_PATH}:/opt/ros/humble /usr/bin/cmake --build /home/rj/rover_bot/build/rover_controller -- -j24 -l24
[0.057s] [ 33%] Built target lidar_processor
[0.059s] [ 66%] Built target controller
[0.060s] [ 83%] [32mBuilding CXX object CMakeFiles/cone_detector.dir/src/cone_detector.cpp.o[0m
[1.873s] [01m[K/home/rj/rover_bot/src/rover_controller/src/cone_detector.cpp:[m[K In member function ‘[01m[Kvoid ConeDetector::image_callback(sensor_msgs::msg::Image_<std::allocator<void> >::SharedPtr)[m[K’:
[1.873s] [01m[K/home/rj/rover_bot/src/rover_controller/src/cone_detector.cpp:44:14:[m[K [01;35m[Kwarning: [m[Kvariable ‘[01m[Kdetected[m[K’ set but not used [[01;35m[K]8;;https://gcc.gnu.org/onlinedocs/gcc/Warning-Options.html#index-Wunused-but-set-variable-Wunused-but-set-variable]8;;[m[K]
[1.874s]    44 |         bool [01;35m[Kdetected[m[K = false;
[1.874s]       |              [01;35m[K^~~~~~~~[m[K
[5.563s] [100%] [32m[1mLinking CXX executable cone_detector[0m
[6.014s] [100%] Built target cone_detector
[6.025s] Invoked command in '/home/rj/rover_bot/build/rover_controller' returned '0': CMAKE_PREFIX_PATH=${CMAKE_PREFIX_PATH}:/opt/ros/humble /usr/bin/cmake --build /home/rj/rover_bot/build/rover_controller -- -j24 -l24
[6.034s] Invoking command in '/home/rj/rover_bot/build/rover_controller': CMAKE_PREFIX_PATH=${CMAKE_PREFIX_PATH}:/opt/ros/humble /usr/bin/cmake --install /home/rj/rover_bot/build/rover_controller
[6.039s] -- Install configuration: ""
[6.040s] -- Up-to-date: /home/rj/rover_bot/install/rover_controller/lib/rover_controller/lidar_processor
[6.040s] -- Up-to-date: /home/rj/rover_bot/install/rover_controller/lib/rover_controller/controller
[6.040s] -- Installing: /home/rj/rover_bot/install/rover_controller/lib/rover_controller/cone_detector
[6.043s] -- Set runtime path of "/home/rj/rover_bot/install/rover_controller/lib/rover_controller/cone_detector" to ""
[6.043s] -- Up-to-date: /home/rj/rover_bot/install/rover_controller/share/rover_controller/launch
[6.043s] -- Up-to-date: /home/rj/rover_bot/install/rover_controller/share/rover_controller/launch/gazebo_rviz.launch.py
[6.043s] -- Up-to-date: /home/rj/rover_bot/install/rover_controller/share/rover_controller/launch/launch_nodes.launch.py
[6.043s] -- Up-to-date: /home/rj/rover_bot/install/rover_controller/share/rover_controller/model
[6.043s] -- Up-to-date: /home/rj/rover_bot/install/rover_controller/share/rover_controller/model/rover_world_with_cones.world
[6.043s] -- Up-to-date: /home/rj/rover_bot/install/rover_controller/share/rover_controller/model/robot.gazebo
[6.043s] -- Up-to-date: /home/rj/rover_bot/install/rover_controller/share/rover_controller/model/empty_world.world
[6.043s] -- Up-to-date: /home/rj/rover_bot/install/rover_controller/share/rover_controller/model/robot.xacro
[6.043s] -- Up-to-date: /home/rj/rover_bot/install/rover_controller/share/rover_controller/rviz
[6.043s] -- Up-to-date: /home/rj/rover_bot/install/rover_controller/share/rover_controller/rviz/rover_task_lidar_camera.rviz
[6.043s] -- Up-to-date: /home/rj/rover_bot/install/rover_controller/share/ament_index/resource_index/package_run_dependencies/rover_controller
[6.043s] -- Up-to-date: /home/rj/rover_bot/install/rover_controller/share/ament_index/resource_index/parent_prefix_path/rover_controller
[6.043s] -- Up-to-date: /home/rj/rover_bot/install/rover_controller/share/rover_controller/environment/ament_prefix_path.sh
[6.043s] -- Up-to-date: /home/rj/rover_bot/install/rover_controller/share/rover_controller/environment/ament_prefix_path.dsv
[6.043s] -- Up-to-date: /home/rj/rover_bot/install/rover_controller/share/rover_controller/environment/path.sh
[6.043s] -- Up-to-date: /home/rj/rover_bot/install/rover_controller/share/rover_controller/environment/path.dsv
[6.043s] -- Up-to-date: /home/rj/rover_bot/install/rover_controller/share/rover_controller/local_setup.bash
[6.043s] -- Up-to-date: /home/rj/rover_bot/install/rover_controller/share/rover_controller/local_setup.sh
[6.044s] -- Up-to-date: /home/rj/rover_bot/install/rover_controller/share/rover_controller/local_setup.zsh
[6.044s] -- Up-to-date: /home/rj/rover_bot/install/rover_controller/share/rover_controller/local_setup.dsv
[6.044s] -- Installing: /home/rj/rover_bot/install/rover_controller/share/rover_controller/package.dsv
[6.044s] -- Up-to-date: /home/rj/rover_bot/install/rover_controller/share/ament_index/resource_index/packages/rover_controller
[6.044s] -- Up-to-date: /home/rj/rover_bot/install/rover_controller/share/rover_controller/cmake/rover_controllerConfig.cmake
[6.044s] -- Up-to-date: /home/rj/rover_bot/install/rover_controller/share/rover_controller/cmake/rover_controllerConfig-version.cmake
[6.044s] -- Up-to-date: /home/rj/rover_bot/install/rover_controller/share/rover_controller/package.xml
[6.045s] Invoked command in '/home/rj/rover_bot/build/rover_controller' returned '0': CMAKE_PREFIX_PATH=${CMAKE_PREFIX_PATH}:/opt/ros/humble /usr/bin/cmake --install /home/rj/rover_bot/build/rover_controller
